{"/Users/andeladeveloper/gryffindor-cfh/server.js":{"path":"/Users/andeladeveloper/gryffindor-cfh/server.js","s":{"1":1,"2":1,"3":1,"4":1,"5":1,"6":1,"7":3,"8":3,"9":3,"10":3,"11":3,"12":0,"13":0,"14":1,"15":1,"16":1,"17":1,"18":0,"19":1,"20":1,"21":1,"22":1,"23":1,"24":1,"25":1,"26":1,"27":1},"b":{"1":[1,1],"2":[3,0],"3":[3,0],"4":[0,0]},"f":{"1":1,"2":3,"3":0},"fnMap":{"1":{"name":"(anonymous_1)","line":27,"loc":{"start":{"line":27,"column":11},"end":{"line":27,"column":26}}},"2":{"name":"(anonymous_2)","line":28,"loc":{"start":{"line":28,"column":33},"end":{"line":28,"column":48}}},"3":{"name":"(anonymous_3)","line":47,"loc":{"start":{"line":47,"column":8},"end":{"line":47,"column":32}}}},"statementMap":{"1":{"start":{"line":4,"column":0},"end":{"line":8,"column":30}},"2":{"start":{"line":17,"column":0},"end":{"line":20,"column":35}},"3":{"start":{"line":23,"column":0},"end":{"line":23,"column":37}},"4":{"start":{"line":26,"column":0},"end":{"line":26,"column":44}},"5":{"start":{"line":27,"column":0},"end":{"line":39,"column":2}},"6":{"start":{"line":28,"column":4},"end":{"line":38,"column":7}},"7":{"start":{"line":29,"column":8},"end":{"line":29,"column":40}},"8":{"start":{"line":30,"column":8},"end":{"line":30,"column":40}},"9":{"start":{"line":31,"column":8},"end":{"line":37,"column":9}},"10":{"start":{"line":32,"column":12},"end":{"line":34,"column":13}},"11":{"start":{"line":33,"column":16},"end":{"line":33,"column":33}},"12":{"start":{"line":35,"column":15},"end":{"line":37,"column":9}},"13":{"start":{"line":36,"column":12},"end":{"line":36,"column":26}},"14":{"start":{"line":40,"column":0},"end":{"line":40,"column":18}},"15":{"start":{"line":43,"column":0},"end":{"line":43,"column":39}},"16":{"start":{"line":45,"column":0},"end":{"line":45,"column":20}},"17":{"start":{"line":47,"column":0},"end":{"line":49,"column":3}},"18":{"start":{"line":48,"column":4},"end":{"line":48,"column":11}},"19":{"start":{"line":52,"column":0},"end":{"line":52,"column":53}},"20":{"start":{"line":55,"column":0},"end":{"line":55,"column":48}},"21":{"start":{"line":58,"column":0},"end":{"line":58,"column":23}},"22":{"start":{"line":59,"column":0},"end":{"line":59,"column":30}},"23":{"start":{"line":60,"column":0},"end":{"line":60,"column":46}},"24":{"start":{"line":62,"column":0},"end":{"line":62,"column":41}},"25":{"start":{"line":63,"column":0},"end":{"line":63,"column":51}},"26":{"start":{"line":66,"column":0},"end":{"line":66,"column":37}},"27":{"start":{"line":69,"column":0},"end":{"line":69,"column":31}}},"branchMap":{"1":{"line":17,"type":"binary-expr","locations":[{"start":{"line":17,"column":33},"end":{"line":17,"column":53}},{"start":{"line":17,"column":57},"end":{"line":17,"column":70}}]},"2":{"line":31,"type":"if","locations":[{"start":{"line":31,"column":8},"end":{"line":31,"column":8}},{"start":{"line":31,"column":8},"end":{"line":31,"column":8}}]},"3":{"line":32,"type":"if","locations":[{"start":{"line":32,"column":12},"end":{"line":32,"column":12}},{"start":{"line":32,"column":12},"end":{"line":32,"column":12}}]},"4":{"line":35,"type":"if","locations":[{"start":{"line":35,"column":15},"end":{"line":35,"column":15}},{"start":{"line":35,"column":15},"end":{"line":35,"column":15}}]}}},"/Users/andeladeveloper/gryffindor-cfh/config/config.js":{"path":"/Users/andeladeveloper/gryffindor-cfh/config/config.js","s":{"1":1,"2":1},"b":{"1":[1,0]},"f":{},"fnMap":{},"statementMap":{"1":{"start":{"line":1,"column":0},"end":{"line":1,"column":30}},"2":{"start":{"line":5,"column":0},"end":{"line":7,"column":83}}},"branchMap":{"1":{"line":7,"type":"binary-expr","locations":[{"start":{"line":7,"column":4},"end":{"line":7,"column":75}},{"start":{"line":7,"column":79},"end":{"line":7,"column":81}}]}}},"/Users/andeladeveloper/gryffindor-cfh/config/env/all.js":{"path":"/Users/andeladeveloper/gryffindor-cfh/config/env/all.js","s":{"1":1,"2":1,"3":1},"b":{"1":[1,1]},"f":{},"fnMap":{},"statementMap":{"1":{"start":{"line":1,"column":0},"end":{"line":2,"column":48}},"2":{"start":{"line":3,"column":0},"end":{"line":3,"column":34}},"3":{"start":{"line":5,"column":0},"end":{"line":9,"column":2}}},"branchMap":{"1":{"line":7,"type":"binary-expr","locations":[{"start":{"line":7,"column":7},"end":{"line":7,"column":23}},{"start":{"line":7,"column":27},"end":{"line":7,"column":31}}]}}},"/Users/andeladeveloper/gryffindor-cfh/config/middlewares/authorization.js":{"path":"/Users/andeladeveloper/gryffindor-cfh/config/middlewares/authorization.js","s":{"1":1,"2":0,"3":0,"4":0,"5":1,"6":0,"7":0,"8":0},"b":{"1":[0,0],"2":[0,0]},"f":{"1":0,"2":0},"fnMap":{"1":{"name":"(anonymous_1)","line":4,"loc":{"start":{"line":4,"column":24},"end":{"line":4,"column":49}}},"2":{"name":"(anonymous_2)","line":15,"loc":{"start":{"line":15,"column":22},"end":{"line":15,"column":47}}}},"statementMap":{"1":{"start":{"line":4,"column":0},"end":{"line":9,"column":2}},"2":{"start":{"line":5,"column":4},"end":{"line":7,"column":5}},"3":{"start":{"line":6,"column":8},"end":{"line":6,"column":55}},"4":{"start":{"line":8,"column":4},"end":{"line":8,"column":11}},"5":{"start":{"line":14,"column":0},"end":{"line":21,"column":2}},"6":{"start":{"line":16,"column":8},"end":{"line":18,"column":9}},"7":{"start":{"line":17,"column":12},"end":{"line":17,"column":59}},"8":{"start":{"line":19,"column":8},"end":{"line":19,"column":15}}},"branchMap":{"1":{"line":5,"type":"if","locations":[{"start":{"line":5,"column":4},"end":{"line":5,"column":4}},{"start":{"line":5,"column":4},"end":{"line":5,"column":4}}]},"2":{"line":16,"type":"if","locations":[{"start":{"line":16,"column":8},"end":{"line":16,"column":8}},{"start":{"line":16,"column":8},"end":{"line":16,"column":8}}]}}},"/Users/andeladeveloper/gryffindor-cfh/app/models/answer.js":{"path":"/Users/andeladeveloper/gryffindor-cfh/app/models/answer.js","s":{"1":1,"2":1,"3":1,"4":0,"5":1},"b":{},"f":{"1":0},"fnMap":{"1":{"name":"(anonymous_1)","line":34,"loc":{"start":{"line":34,"column":10},"end":{"line":34,"column":27}}}},"statementMap":{"1":{"start":{"line":4,"column":0},"end":{"line":6,"column":29}},"2":{"start":{"line":11,"column":0},"end":{"line":28,"column":3}},"3":{"start":{"line":33,"column":0},"end":{"line":39,"column":2}},"4":{"start":{"line":35,"column":8},"end":{"line":37,"column":35}},"5":{"start":{"line":41,"column":0},"end":{"line":41,"column":39}}},"branchMap":{}},"/Users/andeladeveloper/gryffindor-cfh/app/models/question.js":{"path":"/Users/andeladeveloper/gryffindor-cfh/app/models/question.js","s":{"1":1,"2":1,"3":1,"4":0,"5":1},"b":{},"f":{"1":0},"fnMap":{"1":{"name":"(anonymous_1)","line":38,"loc":{"start":{"line":38,"column":10},"end":{"line":38,"column":27}}}},"statementMap":{"1":{"start":{"line":4,"column":0},"end":{"line":6,"column":29}},"2":{"start":{"line":12,"column":0},"end":{"line":32,"column":3}},"3":{"start":{"line":37,"column":0},"end":{"line":43,"column":2}},"4":{"start":{"line":39,"column":8},"end":{"line":41,"column":35}},"5":{"start":{"line":45,"column":0},"end":{"line":45,"column":43}}},"branchMap":{}},"/Users/andeladeveloper/gryffindor-cfh/app/models/user.js":{"path":"/Users/andeladeveloper/gryffindor-cfh/app/models/user.js","s":{"1":1,"2":1,"3":1,"4":1,"5":1,"6":1,"7":1,"8":1,"9":1,"10":2,"11":0,"12":2,"13":1,"14":1,"15":0,"16":1,"17":1,"18":1,"19":0,"20":1,"21":1,"22":1,"23":0,"24":1,"25":1,"26":1,"27":0,"28":1,"29":0,"30":1,"31":1,"32":0,"33":0,"34":0,"35":1,"36":0,"37":1,"38":1},"b":{"1":[1,1],"2":[0,2],"3":[0,1],"4":[0,1],"5":[0,1],"6":[0,1],"7":[0,1],"8":[1,0],"9":[0,0],"10":[0,0],"11":[0,1]},"f":{"1":1,"2":1,"3":1,"4":2,"5":1,"6":1,"7":1,"8":1,"9":0,"10":1},"fnMap":{"1":{"name":"(anonymous_1)","line":32,"loc":{"start":{"line":32,"column":35},"end":{"line":32,"column":54}}},"2":{"name":"(anonymous_2)","line":35,"loc":{"start":{"line":35,"column":7},"end":{"line":35,"column":18}}},"3":{"name":"(anonymous_3)","line":42,"loc":{"start":{"line":42,"column":25},"end":{"line":42,"column":41}}},"4":{"name":"(anonymous_4)","line":47,"loc":{"start":{"line":47,"column":33},"end":{"line":47,"column":48}}},"5":{"name":"(anonymous_5)","line":53,"loc":{"start":{"line":53,"column":34},"end":{"line":53,"column":50}}},"6":{"name":"(anonymous_6)","line":59,"loc":{"start":{"line":59,"column":37},"end":{"line":59,"column":56}}},"7":{"name":"(anonymous_7)","line":65,"loc":{"start":{"line":65,"column":44},"end":{"line":65,"column":70}}},"8":{"name":"(anonymous_8)","line":75,"loc":{"start":{"line":75,"column":23},"end":{"line":75,"column":38}}},"9":{"name":"(anonymous_9)","line":95,"loc":{"start":{"line":95,"column":18},"end":{"line":95,"column":38}}},"10":{"name":"(anonymous_10)","line":109,"loc":{"start":{"line":109,"column":21},"end":{"line":109,"column":40}}}},"statementMap":{"1":{"start":{"line":4,"column":0},"end":{"line":8,"column":60}},"2":{"start":{"line":14,"column":0},"end":{"line":27,"column":3}},"3":{"start":{"line":32,"column":0},"end":{"line":37,"column":3}},"4":{"start":{"line":33,"column":4},"end":{"line":33,"column":30}},"5":{"start":{"line":34,"column":4},"end":{"line":34,"column":58}},"6":{"start":{"line":36,"column":4},"end":{"line":36,"column":26}},"7":{"start":{"line":42,"column":0},"end":{"line":44,"column":2}},"8":{"start":{"line":43,"column":4},"end":{"line":43,"column":33}},"9":{"start":{"line":47,"column":0},"end":{"line":51,"column":27}},"10":{"start":{"line":49,"column":4},"end":{"line":49,"column":61}},"11":{"start":{"line":49,"column":49},"end":{"line":49,"column":61}},"12":{"start":{"line":50,"column":4},"end":{"line":50,"column":23}},"13":{"start":{"line":53,"column":0},"end":{"line":57,"column":28}},"14":{"start":{"line":55,"column":4},"end":{"line":55,"column":61}},"15":{"start":{"line":55,"column":49},"end":{"line":55,"column":61}},"16":{"start":{"line":56,"column":4},"end":{"line":56,"column":24}},"17":{"start":{"line":59,"column":0},"end":{"line":63,"column":31}},"18":{"start":{"line":61,"column":4},"end":{"line":61,"column":61}},"19":{"start":{"line":61,"column":49},"end":{"line":61,"column":61}},"20":{"start":{"line":62,"column":4},"end":{"line":62,"column":27}},"21":{"start":{"line":65,"column":0},"end":{"line":69,"column":31}},"22":{"start":{"line":67,"column":4},"end":{"line":67,"column":61}},"23":{"start":{"line":67,"column":49},"end":{"line":67,"column":61}},"24":{"start":{"line":68,"column":4},"end":{"line":68,"column":34}},"25":{"start":{"line":75,"column":0},"end":{"line":82,"column":3}},"26":{"start":{"line":76,"column":4},"end":{"line":76,"column":35}},"27":{"start":{"line":76,"column":21},"end":{"line":76,"column":35}},"28":{"start":{"line":78,"column":4},"end":{"line":81,"column":15}},"29":{"start":{"line":79,"column":8},"end":{"line":79,"column":44}},"30":{"start":{"line":81,"column":8},"end":{"line":81,"column":15}},"31":{"start":{"line":87,"column":0},"end":{"line":113,"column":2}},"32":{"start":{"line":96,"column":8},"end":{"line":98,"column":9}},"33":{"start":{"line":97,"column":12},"end":{"line":97,"column":25}},"34":{"start":{"line":99,"column":8},"end":{"line":99,"column":66}},"35":{"start":{"line":110,"column":8},"end":{"line":110,"column":33}},"36":{"start":{"line":110,"column":23},"end":{"line":110,"column":33}},"37":{"start":{"line":111,"column":8},"end":{"line":111,"column":65}},"38":{"start":{"line":115,"column":0},"end":{"line":115,"column":35}}},"branchMap":{"1":{"line":43,"type":"binary-expr","locations":[{"start":{"line":43,"column":11},"end":{"line":43,"column":16}},{"start":{"line":43,"column":20},"end":{"line":43,"column":32}}]},"2":{"line":49,"type":"if","locations":[{"start":{"line":49,"column":4},"end":{"line":49,"column":4}},{"start":{"line":49,"column":4},"end":{"line":49,"column":4}}]},"3":{"line":55,"type":"if","locations":[{"start":{"line":55,"column":4},"end":{"line":55,"column":4}},{"start":{"line":55,"column":4},"end":{"line":55,"column":4}}]},"4":{"line":61,"type":"if","locations":[{"start":{"line":61,"column":4},"end":{"line":61,"column":4}},{"start":{"line":61,"column":4},"end":{"line":61,"column":4}}]},"5":{"line":67,"type":"if","locations":[{"start":{"line":67,"column":4},"end":{"line":67,"column":4}},{"start":{"line":67,"column":4},"end":{"line":67,"column":4}}]},"6":{"line":76,"type":"if","locations":[{"start":{"line":76,"column":4},"end":{"line":76,"column":4}},{"start":{"line":76,"column":4},"end":{"line":76,"column":4}}]},"7":{"line":78,"type":"if","locations":[{"start":{"line":78,"column":4},"end":{"line":78,"column":4}},{"start":{"line":78,"column":4},"end":{"line":78,"column":4}}]},"8":{"line":78,"type":"binary-expr","locations":[{"start":{"line":78,"column":8},"end":{"line":78,"column":42}},{"start":{"line":78,"column":46},"end":{"line":78,"column":85}}]},"9":{"line":96,"type":"if","locations":[{"start":{"line":96,"column":8},"end":{"line":96,"column":8}},{"start":{"line":96,"column":8},"end":{"line":96,"column":8}}]},"10":{"line":96,"type":"binary-expr","locations":[{"start":{"line":96,"column":12},"end":{"line":96,"column":22}},{"start":{"line":96,"column":26},"end":{"line":96,"column":47}}]},"11":{"line":110,"type":"if","locations":[{"start":{"line":110,"column":8},"end":{"line":110,"column":8}},{"start":{"line":110,"column":8},"end":{"line":110,"column":8}}]}}},"/Users/andeladeveloper/gryffindor-cfh/config/passport.js":{"path":"/Users/andeladeveloper/gryffindor-cfh/config/passport.js","s":{"1":1,"2":1,"3":1,"4":0,"5":1,"6":0,"7":0,"8":0,"9":0,"10":0,"11":1,"12":0,"13":0,"14":0,"15":0,"16":0,"17":0,"18":0,"19":0,"20":0,"21":0,"22":1,"23":0,"24":0,"25":0,"26":0,"27":0,"28":0,"29":0,"30":0,"31":0,"32":0,"33":1,"34":0,"35":0,"36":0,"37":0,"38":0,"39":0,"40":0,"41":0,"42":0,"43":0,"44":0,"45":0,"46":0,"47":1,"48":0,"49":0,"50":0,"51":0,"52":0,"53":0,"54":0,"55":0,"56":0,"57":0,"58":1,"59":0,"60":0,"61":0,"62":0,"63":0,"64":0,"65":0,"66":0,"67":0,"68":0},"b":{"1":[0,0],"2":[0,0],"3":[0,0],"4":[1,1],"5":[1,1],"6":[0,0],"7":[0,0],"8":[0,0],"9":[1,1],"10":[1,1],"11":[0,0],"12":[0,0],"13":[0,0,0],"14":[0,0],"15":[1,1],"16":[1,1],"17":[0,0],"18":[0,0],"19":[0,0],"20":[1,1],"21":[1,1],"22":[0,0],"23":[0,0],"24":[0,0]},"f":{"1":1,"2":0,"3":0,"4":0,"5":0,"6":0,"7":0,"8":0,"9":0,"10":0,"11":0,"12":0,"13":0,"14":0,"15":0,"16":0,"17":0,"18":0},"fnMap":{"1":{"name":"(anonymous_1)","line":11,"loc":{"start":{"line":11,"column":17},"end":{"line":11,"column":36}}},"2":{"name":"(anonymous_2)","line":13,"loc":{"start":{"line":13,"column":27},"end":{"line":13,"column":48}}},"3":{"name":"(anonymous_3)","line":17,"loc":{"start":{"line":17,"column":29},"end":{"line":17,"column":48}}},"4":{"name":"(anonymous_4)","line":20,"loc":{"start":{"line":20,"column":11},"end":{"line":20,"column":31}}},"5":{"name":"(anonymous_5)","line":33,"loc":{"start":{"line":33,"column":8},"end":{"line":33,"column":40}}},"6":{"name":"(anonymous_6)","line":36,"loc":{"start":{"line":36,"column":15},"end":{"line":36,"column":35}}},"7":{"name":"(anonymous_7)","line":63,"loc":{"start":{"line":63,"column":8},"end":{"line":63,"column":52}}},"8":{"name":"(anonymous_8)","line":66,"loc":{"start":{"line":66,"column":15},"end":{"line":66,"column":35}}},"9":{"name":"(anonymous_9)","line":77,"loc":{"start":{"line":77,"column":30},"end":{"line":77,"column":44}}},"10":{"name":"(anonymous_10)","line":94,"loc":{"start":{"line":94,"column":8},"end":{"line":94,"column":59}}},"11":{"name":"(anonymous_11)","line":97,"loc":{"start":{"line":97,"column":15},"end":{"line":97,"column":35}}},"12":{"name":"(anonymous_12)","line":110,"loc":{"start":{"line":110,"column":30},"end":{"line":110,"column":44}}},"13":{"name":"(anonymous_13)","line":129,"loc":{"start":{"line":129,"column":8},"end":{"line":129,"column":59}}},"14":{"name":"(anonymous_14)","line":132,"loc":{"start":{"line":132,"column":15},"end":{"line":132,"column":35}}},"15":{"name":"(anonymous_15)","line":144,"loc":{"start":{"line":144,"column":30},"end":{"line":144,"column":44}}},"16":{"name":"(anonymous_16)","line":161,"loc":{"start":{"line":161,"column":8},"end":{"line":161,"column":59}}},"17":{"name":"(anonymous_17)","line":164,"loc":{"start":{"line":164,"column":15},"end":{"line":164,"column":35}}},"18":{"name":"(anonymous_18)","line":176,"loc":{"start":{"line":176,"column":30},"end":{"line":176,"column":44}}}},"statementMap":{"1":{"start":{"line":1,"column":0},"end":{"line":8,"column":33}},"2":{"start":{"line":11,"column":0},"end":{"line":186,"column":2}},"3":{"start":{"line":13,"column":4},"end":{"line":15,"column":7}},"4":{"start":{"line":14,"column":8},"end":{"line":14,"column":28}},"5":{"start":{"line":17,"column":4},"end":{"line":26,"column":7}},"6":{"start":{"line":18,"column":8},"end":{"line":25,"column":11}},"7":{"start":{"line":21,"column":12},"end":{"line":21,"column":30}},"8":{"start":{"line":22,"column":12},"end":{"line":22,"column":33}},"9":{"start":{"line":23,"column":12},"end":{"line":23,"column":40}},"10":{"start":{"line":24,"column":12},"end":{"line":24,"column":28}},"11":{"start":{"line":29,"column":4},"end":{"line":55,"column":7}},"12":{"start":{"line":34,"column":12},"end":{"line":53,"column":15}},"13":{"start":{"line":37,"column":16},"end":{"line":39,"column":17}},"14":{"start":{"line":38,"column":20},"end":{"line":38,"column":37}},"15":{"start":{"line":40,"column":16},"end":{"line":44,"column":17}},"16":{"start":{"line":41,"column":20},"end":{"line":43,"column":23}},"17":{"start":{"line":45,"column":16},"end":{"line":49,"column":17}},"18":{"start":{"line":46,"column":20},"end":{"line":48,"column":23}},"19":{"start":{"line":50,"column":16},"end":{"line":50,"column":34}},"20":{"start":{"line":51,"column":16},"end":{"line":51,"column":44}},"21":{"start":{"line":52,"column":16},"end":{"line":52,"column":40}},"22":{"start":{"line":58,"column":4},"end":{"line":86,"column":7}},"23":{"start":{"line":64,"column":12},"end":{"line":84,"column":15}},"24":{"start":{"line":67,"column":16},"end":{"line":69,"column":17}},"25":{"start":{"line":68,"column":20},"end":{"line":68,"column":37}},"26":{"start":{"line":70,"column":16},"end":{"line":83,"column":17}},"27":{"start":{"line":71,"column":20},"end":{"line":76,"column":23}},"28":{"start":{"line":77,"column":20},"end":{"line":80,"column":23}},"29":{"start":{"line":78,"column":24},"end":{"line":78,"column":50}},"30":{"start":{"line":78,"column":33},"end":{"line":78,"column":50}},"31":{"start":{"line":79,"column":24},"end":{"line":79,"column":47}},"32":{"start":{"line":82,"column":20},"end":{"line":82,"column":43}},"33":{"start":{"line":89,"column":4},"end":{"line":121,"column":7}},"34":{"start":{"line":95,"column":12},"end":{"line":119,"column":15}},"35":{"start":{"line":98,"column":16},"end":{"line":100,"column":17}},"36":{"start":{"line":99,"column":20},"end":{"line":99,"column":37}},"37":{"start":{"line":101,"column":16},"end":{"line":118,"column":17}},"38":{"start":{"line":102,"column":20},"end":{"line":102,"column":41}},"39":{"start":{"line":103,"column":20},"end":{"line":109,"column":23}},"40":{"start":{"line":110,"column":20},"end":{"line":114,"column":23}},"41":{"start":{"line":111,"column":24},"end":{"line":111,"column":50}},"42":{"start":{"line":111,"column":33},"end":{"line":111,"column":50}},"43":{"start":{"line":112,"column":24},"end":{"line":112,"column":45}},"44":{"start":{"line":113,"column":24},"end":{"line":113,"column":47}},"45":{"start":{"line":116,"column":20},"end":{"line":116,"column":41}},"46":{"start":{"line":117,"column":20},"end":{"line":117,"column":43}},"47":{"start":{"line":124,"column":4},"end":{"line":153,"column":7}},"48":{"start":{"line":130,"column":12},"end":{"line":151,"column":15}},"49":{"start":{"line":133,"column":16},"end":{"line":135,"column":17}},"50":{"start":{"line":134,"column":20},"end":{"line":134,"column":37}},"51":{"start":{"line":136,"column":16},"end":{"line":150,"column":17}},"52":{"start":{"line":137,"column":20},"end":{"line":143,"column":23}},"53":{"start":{"line":144,"column":20},"end":{"line":147,"column":23}},"54":{"start":{"line":145,"column":24},"end":{"line":145,"column":50}},"55":{"start":{"line":145,"column":33},"end":{"line":145,"column":50}},"56":{"start":{"line":146,"column":24},"end":{"line":146,"column":47}},"57":{"start":{"line":149,"column":20},"end":{"line":149,"column":43}},"58":{"start":{"line":156,"column":4},"end":{"line":185,"column":7}},"59":{"start":{"line":162,"column":12},"end":{"line":183,"column":15}},"60":{"start":{"line":165,"column":16},"end":{"line":167,"column":17}},"61":{"start":{"line":166,"column":20},"end":{"line":166,"column":37}},"62":{"start":{"line":168,"column":16},"end":{"line":182,"column":17}},"63":{"start":{"line":169,"column":20},"end":{"line":175,"column":23}},"64":{"start":{"line":176,"column":20},"end":{"line":179,"column":23}},"65":{"start":{"line":177,"column":24},"end":{"line":177,"column":50}},"66":{"start":{"line":177,"column":33},"end":{"line":177,"column":50}},"67":{"start":{"line":178,"column":24},"end":{"line":178,"column":47}},"68":{"start":{"line":181,"column":20},"end":{"line":181,"column":43}}},"branchMap":{"1":{"line":37,"type":"if","locations":[{"start":{"line":37,"column":16},"end":{"line":37,"column":16}},{"start":{"line":37,"column":16},"end":{"line":37,"column":16}}]},"2":{"line":40,"type":"if","locations":[{"start":{"line":40,"column":16},"end":{"line":40,"column":16}},{"start":{"line":40,"column":16},"end":{"line":40,"column":16}}]},"3":{"line":45,"type":"if","locations":[{"start":{"line":45,"column":16},"end":{"line":45,"column":16}},{"start":{"line":45,"column":16},"end":{"line":45,"column":16}}]},"4":{"line":59,"type":"binary-expr","locations":[{"start":{"line":59,"column":25},"end":{"line":59,"column":57}},{"start":{"line":59,"column":61},"end":{"line":59,"column":84}}]},"5":{"line":60,"type":"binary-expr","locations":[{"start":{"line":60,"column":28},"end":{"line":60,"column":63}},{"start":{"line":60,"column":67},"end":{"line":60,"column":94}}]},"6":{"line":67,"type":"if","locations":[{"start":{"line":67,"column":16},"end":{"line":67,"column":16}},{"start":{"line":67,"column":16},"end":{"line":67,"column":16}}]},"7":{"line":70,"type":"if","locations":[{"start":{"line":70,"column":16},"end":{"line":70,"column":16}},{"start":{"line":70,"column":16},"end":{"line":70,"column":16}}]},"8":{"line":78,"type":"if","locations":[{"start":{"line":78,"column":24},"end":{"line":78,"column":24}},{"start":{"line":78,"column":24},"end":{"line":78,"column":24}}]},"9":{"line":90,"type":"binary-expr","locations":[{"start":{"line":90,"column":22},"end":{"line":90,"column":46}},{"start":{"line":90,"column":50},"end":{"line":90,"column":74}}]},"10":{"line":91,"type":"binary-expr","locations":[{"start":{"line":91,"column":26},"end":{"line":91,"column":54}},{"start":{"line":91,"column":58},"end":{"line":91,"column":86}}]},"11":{"line":98,"type":"if","locations":[{"start":{"line":98,"column":16},"end":{"line":98,"column":16}},{"start":{"line":98,"column":16},"end":{"line":98,"column":16}}]},"12":{"line":101,"type":"if","locations":[{"start":{"line":101,"column":16},"end":{"line":101,"column":16}},{"start":{"line":101,"column":16},"end":{"line":101,"column":16}}]},"13":{"line":105,"type":"binary-expr","locations":[{"start":{"line":105,"column":32},"end":{"line":105,"column":46}},{"start":{"line":105,"column":50},"end":{"line":105,"column":73}},{"start":{"line":105,"column":78},"end":{"line":105,"column":80}}]},"14":{"line":111,"type":"if","locations":[{"start":{"line":111,"column":24},"end":{"line":111,"column":24}},{"start":{"line":111,"column":24},"end":{"line":111,"column":24}}]},"15":{"line":125,"type":"binary-expr","locations":[{"start":{"line":125,"column":22},"end":{"line":125,"column":50}},{"start":{"line":125,"column":54},"end":{"line":125,"column":76}}]},"16":{"line":126,"type":"binary-expr","locations":[{"start":{"line":126,"column":26},"end":{"line":126,"column":58}},{"start":{"line":126,"column":62},"end":{"line":126,"column":88}}]},"17":{"line":133,"type":"if","locations":[{"start":{"line":133,"column":16},"end":{"line":133,"column":16}},{"start":{"line":133,"column":16},"end":{"line":133,"column":16}}]},"18":{"line":136,"type":"if","locations":[{"start":{"line":136,"column":16},"end":{"line":136,"column":16}},{"start":{"line":136,"column":16},"end":{"line":136,"column":16}}]},"19":{"line":145,"type":"if","locations":[{"start":{"line":145,"column":24},"end":{"line":145,"column":24}},{"start":{"line":145,"column":24},"end":{"line":145,"column":24}}]},"20":{"line":157,"type":"binary-expr","locations":[{"start":{"line":157,"column":22},"end":{"line":157,"column":50}},{"start":{"line":157,"column":54},"end":{"line":157,"column":76}}]},"21":{"line":158,"type":"binary-expr","locations":[{"start":{"line":158,"column":26},"end":{"line":158,"column":58}},{"start":{"line":158,"column":62},"end":{"line":158,"column":88}}]},"22":{"line":165,"type":"if","locations":[{"start":{"line":165,"column":16},"end":{"line":165,"column":16}},{"start":{"line":165,"column":16},"end":{"line":165,"column":16}}]},"23":{"line":168,"type":"if","locations":[{"start":{"line":168,"column":16},"end":{"line":168,"column":16}},{"start":{"line":168,"column":16},"end":{"line":168,"column":16}}]},"24":{"line":177,"type":"if","locations":[{"start":{"line":177,"column":24},"end":{"line":177,"column":24}},{"start":{"line":177,"column":24},"end":{"line":177,"column":24}}]}}},"/Users/andeladeveloper/gryffindor-cfh/config/express.js":{"path":"/Users/andeladeveloper/gryffindor-cfh/config/express.js","s":{"1":1,"2":1,"3":1,"4":1,"5":0,"6":1,"7":1,"8":1,"9":1,"10":1,"11":1,"12":1,"13":1,"14":1,"15":1,"16":1,"17":1,"18":1,"19":1,"20":1,"21":1,"22":1,"23":1,"24":0,"25":0,"26":0,"27":0,"28":1,"29":0},"b":{"1":[1,0],"2":[0,0]},"f":{"1":1,"2":0,"3":1,"4":0,"5":0},"fnMap":{"1":{"name":"(anonymous_1)","line":10,"loc":{"start":{"line":10,"column":17},"end":{"line":10,"column":51}}},"2":{"name":"(anonymous_2)","line":15,"loc":{"start":{"line":15,"column":16},"end":{"line":15,"column":35}}},"3":{"name":"(anonymous_3)","line":37,"loc":{"start":{"line":37,"column":18},"end":{"line":37,"column":29}}},"4":{"name":"(anonymous_4)","line":69,"loc":{"start":{"line":69,"column":16},"end":{"line":69,"column":46}}},"5":{"name":"(anonymous_5)","line":83,"loc":{"start":{"line":83,"column":16},"end":{"line":83,"column":41}}}},"statementMap":{"1":{"start":{"line":4,"column":0},"end":{"line":8,"column":33}},"2":{"start":{"line":10,"column":0},"end":{"line":91,"column":2}},"3":{"start":{"line":11,"column":4},"end":{"line":11,"column":36}},"4":{"start":{"line":14,"column":4},"end":{"line":19,"column":8}},"5":{"start":{"line":16,"column":12},"end":{"line":16,"column":84}},"6":{"start":{"line":22,"column":4},"end":{"line":22,"column":31}},"7":{"start":{"line":23,"column":4},"end":{"line":23,"column":53}},"8":{"start":{"line":26,"column":4},"end":{"line":28,"column":5}},"9":{"start":{"line":27,"column":8},"end":{"line":27,"column":39}},"10":{"start":{"line":31,"column":4},"end":{"line":31,"column":49}},"11":{"start":{"line":32,"column":4},"end":{"line":32,"column":35}},"12":{"start":{"line":35,"column":4},"end":{"line":35,"column":33}},"13":{"start":{"line":37,"column":4},"end":{"line":90,"column":7}},"14":{"start":{"line":39,"column":8},"end":{"line":39,"column":40}},"15":{"start":{"line":42,"column":8},"end":{"line":42,"column":38}},"16":{"start":{"line":43,"column":8},"end":{"line":43,"column":42}},"17":{"start":{"line":46,"column":8},"end":{"line":53,"column":12}},"18":{"start":{"line":56,"column":8},"end":{"line":56,"column":25}},"19":{"start":{"line":59,"column":8},"end":{"line":59,"column":42}},"20":{"start":{"line":62,"column":8},"end":{"line":62,"column":39}},"21":{"start":{"line":63,"column":8},"end":{"line":63,"column":36}},"22":{"start":{"line":66,"column":8},"end":{"line":66,"column":28}},"23":{"start":{"line":69,"column":8},"end":{"line":80,"column":11}},"24":{"start":{"line":71,"column":12},"end":{"line":71,"column":65}},"25":{"start":{"line":71,"column":51},"end":{"line":71,"column":65}},"26":{"start":{"line":74,"column":12},"end":{"line":74,"column":37}},"27":{"start":{"line":77,"column":12},"end":{"line":79,"column":15}},"28":{"start":{"line":83,"column":8},"end":{"line":88,"column":11}},"29":{"start":{"line":84,"column":12},"end":{"line":87,"column":15}}},"branchMap":{"1":{"line":26,"type":"if","locations":[{"start":{"line":26,"column":4},"end":{"line":26,"column":4}},{"start":{"line":26,"column":4},"end":{"line":26,"column":4}}]},"2":{"line":71,"type":"if","locations":[{"start":{"line":71,"column":12},"end":{"line":71,"column":12}},{"start":{"line":71,"column":12},"end":{"line":71,"column":12}}]}}},"/Users/andeladeveloper/gryffindor-cfh/config/routes.js":{"path":"/Users/andeladeveloper/gryffindor-cfh/config/routes.js","s":{"1":1,"2":1,"3":1,"4":1,"5":1,"6":1,"7":1,"8":1,"9":1,"10":1,"11":1,"12":1,"13":1,"14":1,"15":1,"16":1,"17":1,"18":1,"19":1,"20":1,"21":1,"22":1,"23":1,"24":1,"25":1,"26":1,"27":1,"28":1,"29":1,"30":1,"31":1,"32":1,"33":1,"34":1,"35":1},"b":{},"f":{"1":1},"fnMap":{"1":{"name":"(anonymous_1)","line":3,"loc":{"start":{"line":3,"column":17},"end":{"line":3,"column":47}}}},"statementMap":{"1":{"start":{"line":1,"column":0},"end":{"line":1,"column":29}},"2":{"start":{"line":3,"column":0},"end":{"line":93,"column":2}},"3":{"start":{"line":5,"column":4},"end":{"line":5,"column":52}},"4":{"start":{"line":6,"column":4},"end":{"line":6,"column":37}},"5":{"start":{"line":7,"column":4},"end":{"line":7,"column":37}},"6":{"start":{"line":8,"column":4},"end":{"line":8,"column":49}},"7":{"start":{"line":9,"column":4},"end":{"line":9,"column":39}},"8":{"start":{"line":12,"column":4},"end":{"line":12,"column":37}},"9":{"start":{"line":13,"column":4},"end":{"line":13,"column":46}},"10":{"start":{"line":16,"column":4},"end":{"line":16,"column":46}},"11":{"start":{"line":18,"column":4},"end":{"line":21,"column":23}},"12":{"start":{"line":23,"column":4},"end":{"line":23,"column":35}},"13":{"start":{"line":24,"column":4},"end":{"line":24,"column":42}},"14":{"start":{"line":27,"column":4},"end":{"line":30,"column":22}},"15":{"start":{"line":32,"column":4},"end":{"line":34,"column":28}},"16":{"start":{"line":37,"column":4},"end":{"line":39,"column":22}},"17":{"start":{"line":41,"column":4},"end":{"line":43,"column":28}},"18":{"start":{"line":46,"column":4},"end":{"line":48,"column":22}},"19":{"start":{"line":50,"column":4},"end":{"line":52,"column":28}},"20":{"start":{"line":55,"column":4},"end":{"line":61,"column":22}},"21":{"start":{"line":63,"column":4},"end":{"line":65,"column":28}},"22":{"start":{"line":68,"column":4},"end":{"line":68,"column":36}},"23":{"start":{"line":71,"column":4},"end":{"line":71,"column":56}},"24":{"start":{"line":72,"column":4},"end":{"line":72,"column":37}},"25":{"start":{"line":73,"column":4},"end":{"line":73,"column":48}},"26":{"start":{"line":75,"column":4},"end":{"line":75,"column":42}},"27":{"start":{"line":78,"column":4},"end":{"line":78,"column":60}},"28":{"start":{"line":79,"column":4},"end":{"line":79,"column":41}},"29":{"start":{"line":80,"column":4},"end":{"line":80,"column":54}},"30":{"start":{"line":82,"column":4},"end":{"line":82,"column":48}},"31":{"start":{"line":85,"column":4},"end":{"line":85,"column":56}},"32":{"start":{"line":86,"column":4},"end":{"line":86,"column":41}},"33":{"start":{"line":89,"column":4},"end":{"line":89,"column":52}},"34":{"start":{"line":90,"column":4},"end":{"line":90,"column":33}},"35":{"start":{"line":91,"column":4},"end":{"line":91,"column":31}}},"branchMap":{}},"/Users/andeladeveloper/gryffindor-cfh/app/controllers/users.js":{"path":"/Users/andeladeveloper/gryffindor-cfh/app/controllers/users.js","s":{"1":1,"2":1,"3":1,"4":0,"5":1,"6":0,"7":0,"8":0,"9":1,"10":0,"11":0,"12":0,"13":1,"14":0,"15":0,"16":1,"17":0,"18":1,"19":0,"20":0,"21":0,"22":0,"23":0,"24":0,"25":1,"26":0,"27":0,"28":0,"29":0,"30":0,"31":0,"32":0,"33":0,"34":0,"35":0,"36":0,"37":0,"38":0,"39":0,"40":0,"41":1,"42":0,"43":0,"44":0,"45":0,"46":0,"47":1,"48":0,"49":0,"50":0,"51":0,"52":0,"53":0,"54":0,"55":0,"56":0,"57":0,"58":0,"59":0,"60":0,"61":1,"62":0,"63":0,"64":1,"65":0,"66":1,"67":0,"68":0,"69":0,"70":0,"71":0,"72":0,"73":0},"b":{"1":[0,0],"2":[0,0],"3":[0,0],"4":[0,0],"5":[0,0],"6":[0,0],"7":[0,0,0],"8":[0,0],"9":[0,0],"10":[0,0],"11":[0,0],"12":[0,0,0,0,0],"13":[0,0],"14":[0,0,0],"15":[0,0],"16":[0,0,0],"17":[0,0],"18":[0,0],"19":[0,0],"20":[0,0],"21":[0,0]},"f":{"1":0,"2":0,"3":0,"4":0,"5":0,"6":0,"7":0,"8":0,"9":0,"10":0,"11":0,"12":0,"13":0,"14":0,"15":0,"16":0,"17":0,"18":0,"19":0},"fnMap":{"1":{"name":"(anonymous_1)","line":11,"loc":{"start":{"line":11,"column":23},"end":{"line":11,"column":48}}},"2":{"name":"(anonymous_2)","line":18,"loc":{"start":{"line":18,"column":17},"end":{"line":18,"column":36}}},"3":{"name":"(anonymous_3)","line":29,"loc":{"start":{"line":29,"column":17},"end":{"line":29,"column":36}}},"4":{"name":"(anonymous_4)","line":40,"loc":{"start":{"line":40,"column":18},"end":{"line":40,"column":37}}},"5":{"name":"(anonymous_5)","line":48,"loc":{"start":{"line":48,"column":18},"end":{"line":48,"column":37}}},"6":{"name":"(anonymous_6)","line":57,"loc":{"start":{"line":57,"column":22},"end":{"line":57,"column":41}}},"7":{"name":"(anonymous_7)","line":62,"loc":{"start":{"line":62,"column":10},"end":{"line":62,"column":30}}},"8":{"name":"(anonymous_8)","line":79,"loc":{"start":{"line":79,"column":17},"end":{"line":79,"column":36}}},"9":{"name":"(anonymous_9)","line":83,"loc":{"start":{"line":83,"column":12},"end":{"line":83,"column":39}}},"10":{"name":"(anonymous_10)","line":89,"loc":{"start":{"line":89,"column":18},"end":{"line":89,"column":32}}},"11":{"name":"(anonymous_11)","line":96,"loc":{"start":{"line":96,"column":26},"end":{"line":96,"column":40}}},"12":{"name":"(anonymous_12)","line":113,"loc":{"start":{"line":113,"column":18},"end":{"line":113,"column":37}}},"13":{"name":"(anonymous_13)","line":120,"loc":{"start":{"line":120,"column":10},"end":{"line":120,"column":30}}},"14":{"name":"(anonymous_14)","line":128,"loc":{"start":{"line":128,"column":22},"end":{"line":128,"column":41}}},"15":{"name":"(anonymous_15)","line":135,"loc":{"start":{"line":135,"column":12},"end":{"line":135,"column":32}}},"16":{"name":"(anonymous_16)","line":158,"loc":{"start":{"line":158,"column":15},"end":{"line":158,"column":34}}},"17":{"name":"(anonymous_17)","line":170,"loc":{"start":{"line":170,"column":13},"end":{"line":170,"column":32}}},"18":{"name":"(anonymous_18)","line":177,"loc":{"start":{"line":177,"column":15},"end":{"line":177,"column":44}}},"19":{"name":"(anonymous_19)","line":182,"loc":{"start":{"line":182,"column":10},"end":{"line":182,"column":30}}}},"statementMap":{"1":{"start":{"line":4,"column":0},"end":{"line":5,"column":32}},"2":{"start":{"line":6,"column":0},"end":{"line":6,"column":41}},"3":{"start":{"line":11,"column":0},"end":{"line":13,"column":2}},"4":{"start":{"line":12,"column":2},"end":{"line":12,"column":33}},"5":{"start":{"line":18,"column":0},"end":{"line":24,"column":2}},"6":{"start":{"line":19,"column":2},"end":{"line":23,"column":3}},"7":{"start":{"line":20,"column":4},"end":{"line":20,"column":45}},"8":{"start":{"line":22,"column":4},"end":{"line":22,"column":28}},"9":{"start":{"line":29,"column":0},"end":{"line":35,"column":2}},"10":{"start":{"line":30,"column":2},"end":{"line":34,"column":3}},"11":{"start":{"line":31,"column":4},"end":{"line":31,"column":31}},"12":{"start":{"line":33,"column":4},"end":{"line":33,"column":28}},"13":{"start":{"line":40,"column":0},"end":{"line":43,"column":2}},"14":{"start":{"line":41,"column":2},"end":{"line":41,"column":15}},"15":{"start":{"line":42,"column":2},"end":{"line":42,"column":20}},"16":{"start":{"line":48,"column":0},"end":{"line":50,"column":2}},"17":{"start":{"line":49,"column":2},"end":{"line":49,"column":20}},"18":{"start":{"line":57,"column":0},"end":{"line":74,"column":2}},"19":{"start":{"line":58,"column":2},"end":{"line":72,"column":3}},"20":{"start":{"line":59,"column":4},"end":{"line":68,"column":7}},"21":{"start":{"line":63,"column":6},"end":{"line":67,"column":7}},"22":{"start":{"line":64,"column":8},"end":{"line":64,"column":29}},"23":{"start":{"line":66,"column":8},"end":{"line":66,"column":42}},"24":{"start":{"line":71,"column":4},"end":{"line":71,"column":22}},"25":{"start":{"line":79,"column":0},"end":{"line":108,"column":2}},"26":{"start":{"line":80,"column":2},"end":{"line":107,"column":3}},"27":{"start":{"line":81,"column":4},"end":{"line":104,"column":7}},"28":{"start":{"line":84,"column":6},"end":{"line":103,"column":7}},"29":{"start":{"line":85,"column":8},"end":{"line":85,"column":38}},"30":{"start":{"line":87,"column":8},"end":{"line":87,"column":43}},"31":{"start":{"line":88,"column":8},"end":{"line":88,"column":32}},"32":{"start":{"line":89,"column":8},"end":{"line":100,"column":11}},"33":{"start":{"line":90,"column":10},"end":{"line":95,"column":11}},"34":{"start":{"line":91,"column":12},"end":{"line":94,"column":15}},"35":{"start":{"line":96,"column":10},"end":{"line":99,"column":13}},"36":{"start":{"line":97,"column":12},"end":{"line":97,"column":38}},"37":{"start":{"line":97,"column":21},"end":{"line":97,"column":38}},"38":{"start":{"line":98,"column":12},"end":{"line":98,"column":40}},"39":{"start":{"line":102,"column":8},"end":{"line":102,"column":61}},"40":{"start":{"line":106,"column":4},"end":{"line":106,"column":55}},"41":{"start":{"line":113,"column":0},"end":{"line":126,"column":2}},"42":{"start":{"line":115,"column":2},"end":{"line":124,"column":3}},"43":{"start":{"line":117,"column":4},"end":{"line":123,"column":7}},"44":{"start":{"line":121,"column":6},"end":{"line":121,"column":45}},"45":{"start":{"line":122,"column":6},"end":{"line":122,"column":18}},"46":{"start":{"line":125,"column":2},"end":{"line":125,"column":33}},"47":{"start":{"line":128,"column":0},"end":{"line":153,"column":2}},"48":{"start":{"line":129,"column":2},"end":{"line":151,"column":3}},"49":{"start":{"line":131,"column":4},"end":{"line":150,"column":5}},"50":{"start":{"line":132,"column":6},"end":{"line":149,"column":9}},"51":{"start":{"line":137,"column":8},"end":{"line":137,"column":30}},"52":{"start":{"line":138,"column":8},"end":{"line":142,"column":9}},"53":{"start":{"line":139,"column":10},"end":{"line":141,"column":11}},"54":{"start":{"line":140,"column":12},"end":{"line":140,"column":29}},"55":{"start":{"line":143,"column":8},"end":{"line":148,"column":9}},"56":{"start":{"line":144,"column":10},"end":{"line":144,"column":44}},"57":{"start":{"line":145,"column":10},"end":{"line":145,"column":40}},"58":{"start":{"line":146,"column":10},"end":{"line":146,"column":27}},"59":{"start":{"line":147,"column":10},"end":{"line":147,"column":22}},"60":{"start":{"line":152,"column":2},"end":{"line":152,"column":13}},"61":{"start":{"line":158,"column":0},"end":{"line":165,"column":2}},"62":{"start":{"line":159,"column":2},"end":{"line":159,"column":25}},"63":{"start":{"line":161,"column":2},"end":{"line":164,"column":5}},"64":{"start":{"line":170,"column":0},"end":{"line":172,"column":2}},"65":{"start":{"line":171,"column":2},"end":{"line":171,"column":30}},"66":{"start":{"line":177,"column":0},"end":{"line":188,"column":2}},"67":{"start":{"line":178,"column":2},"end":{"line":187,"column":7}},"68":{"start":{"line":183,"column":6},"end":{"line":183,"column":32}},"69":{"start":{"line":183,"column":15},"end":{"line":183,"column":32}},"70":{"start":{"line":184,"column":6},"end":{"line":184,"column":69}},"71":{"start":{"line":184,"column":17},"end":{"line":184,"column":69}},"72":{"start":{"line":185,"column":6},"end":{"line":185,"column":25}},"73":{"start":{"line":186,"column":6},"end":{"line":186,"column":13}}},"branchMap":{"1":{"line":19,"type":"if","locations":[{"start":{"line":19,"column":2},"end":{"line":19,"column":2}},{"start":{"line":19,"column":2},"end":{"line":19,"column":2}}]},"2":{"line":30,"type":"if","locations":[{"start":{"line":30,"column":2},"end":{"line":30,"column":2}},{"start":{"line":30,"column":2},"end":{"line":30,"column":2}}]},"3":{"line":58,"type":"if","locations":[{"start":{"line":58,"column":2},"end":{"line":58,"column":2}},{"start":{"line":58,"column":2},"end":{"line":58,"column":2}}]},"4":{"line":58,"type":"binary-expr","locations":[{"start":{"line":58,"column":6},"end":{"line":58,"column":14}},{"start":{"line":58,"column":18},"end":{"line":58,"column":30}}]},"5":{"line":63,"type":"if","locations":[{"start":{"line":63,"column":6},"end":{"line":63,"column":6}},{"start":{"line":63,"column":6},"end":{"line":63,"column":6}}]},"6":{"line":80,"type":"if","locations":[{"start":{"line":80,"column":2},"end":{"line":80,"column":2}},{"start":{"line":80,"column":2},"end":{"line":80,"column":2}}]},"7":{"line":80,"type":"binary-expr","locations":[{"start":{"line":80,"column":6},"end":{"line":80,"column":19}},{"start":{"line":80,"column":23},"end":{"line":80,"column":40}},{"start":{"line":80,"column":44},"end":{"line":80,"column":58}}]},"8":{"line":84,"type":"if","locations":[{"start":{"line":84,"column":6},"end":{"line":84,"column":6}},{"start":{"line":84,"column":6},"end":{"line":84,"column":6}}]},"9":{"line":90,"type":"if","locations":[{"start":{"line":90,"column":10},"end":{"line":90,"column":10}},{"start":{"line":90,"column":10},"end":{"line":90,"column":10}}]},"10":{"line":97,"type":"if","locations":[{"start":{"line":97,"column":12},"end":{"line":97,"column":12}},{"start":{"line":97,"column":12},"end":{"line":97,"column":12}}]},"11":{"line":115,"type":"if","locations":[{"start":{"line":115,"column":2},"end":{"line":115,"column":2}},{"start":{"line":115,"column":2},"end":{"line":115,"column":2}}]},"12":{"line":115,"type":"binary-expr","locations":[{"start":{"line":115,"column":6},"end":{"line":115,"column":14}},{"start":{"line":115,"column":18},"end":{"line":115,"column":30}},{"start":{"line":115,"column":34},"end":{"line":115,"column":63}},{"start":{"line":116,"column":4},"end":{"line":116,"column":30}},{"start":{"line":116,"column":34},"end":{"line":116,"column":58}}]},"13":{"line":129,"type":"if","locations":[{"start":{"line":129,"column":2},"end":{"line":129,"column":2}},{"start":{"line":129,"column":2},"end":{"line":129,"column":2}}]},"14":{"line":129,"type":"binary-expr","locations":[{"start":{"line":129,"column":6},"end":{"line":129,"column":14}},{"start":{"line":129,"column":18},"end":{"line":129,"column":26}},{"start":{"line":129,"column":30},"end":{"line":129,"column":42}}]},"15":{"line":131,"type":"if","locations":[{"start":{"line":131,"column":4},"end":{"line":131,"column":4}},{"start":{"line":131,"column":4},"end":{"line":131,"column":4}}]},"16":{"line":131,"type":"binary-expr","locations":[{"start":{"line":131,"column":8},"end":{"line":131,"column":23}},{"start":{"line":131,"column":27},"end":{"line":131,"column":57}},{"start":{"line":131,"column":61},"end":{"line":131,"column":80}}]},"17":{"line":139,"type":"if","locations":[{"start":{"line":139,"column":10},"end":{"line":139,"column":10}},{"start":{"line":139,"column":10},"end":{"line":139,"column":10}}]},"18":{"line":143,"type":"if","locations":[{"start":{"line":143,"column":8},"end":{"line":143,"column":8}},{"start":{"line":143,"column":8},"end":{"line":143,"column":8}}]},"19":{"line":171,"type":"binary-expr","locations":[{"start":{"line":171,"column":12},"end":{"line":171,"column":20}},{"start":{"line":171,"column":24},"end":{"line":171,"column":28}}]},"20":{"line":183,"type":"if","locations":[{"start":{"line":183,"column":6},"end":{"line":183,"column":6}},{"start":{"line":183,"column":6},"end":{"line":183,"column":6}}]},"21":{"line":184,"type":"if","locations":[{"start":{"line":184,"column":6},"end":{"line":184,"column":6}},{"start":{"line":184,"column":6},"end":{"line":184,"column":6}}]}}},"/Users/andeladeveloper/gryffindor-cfh/app/controllers/avatars.js":{"path":"/Users/andeladeveloper/gryffindor-cfh/app/controllers/avatars.js","s":{"1":1,"2":1,"3":0,"4":1,"5":2},"b":{},"f":{"1":0,"2":2},"fnMap":{"1":{"name":"(anonymous_1)","line":21,"loc":{"start":{"line":21,"column":18},"end":{"line":21,"column":37}}},"2":{"name":"(anonymous_2)","line":27,"loc":{"start":{"line":27,"column":14},"end":{"line":27,"column":25}}}},"statementMap":{"1":{"start":{"line":4,"column":0},"end":{"line":19,"column":34}},"2":{"start":{"line":21,"column":0},"end":{"line":25,"column":2}},"3":{"start":{"line":24,"column":2},"end":{"line":24,"column":33}},"4":{"start":{"line":27,"column":0},"end":{"line":29,"column":2}},"5":{"start":{"line":28,"column":2},"end":{"line":28,"column":17}}},"branchMap":{}},"/Users/andeladeveloper/gryffindor-cfh/app/controllers/answers.js":{"path":"/Users/andeladeveloper/gryffindor-cfh/app/controllers/answers.js","s":{"1":1,"2":1,"3":0,"4":0,"5":0,"6":0,"7":0,"8":0,"9":0,"10":1,"11":0,"12":1,"13":0,"14":0,"15":0,"16":0,"17":1,"18":3,"19":0,"20":0,"21":0},"b":{"1":[0,0],"2":[0,0],"3":[0,0],"4":[0,0]},"f":{"1":0,"2":0,"3":0,"4":0,"5":0,"6":3,"7":0},"fnMap":{"1":{"name":"(anonymous_1)","line":13,"loc":{"start":{"line":13,"column":17},"end":{"line":13,"column":46}}},"2":{"name":"(anonymous_2)","line":14,"loc":{"start":{"line":14,"column":20},"end":{"line":14,"column":42}}},"3":{"name":"(anonymous_3)","line":25,"loc":{"start":{"line":25,"column":15},"end":{"line":25,"column":34}}},"4":{"name":"(anonymous_4)","line":32,"loc":{"start":{"line":32,"column":14},"end":{"line":32,"column":33}}},"5":{"name":"(anonymous_5)","line":33,"loc":{"start":{"line":33,"column":53},"end":{"line":33,"column":76}}},"6":{"name":"(anonymous_6)","line":47,"loc":{"start":{"line":47,"column":28},"end":{"line":47,"column":41}}},"7":{"name":"(anonymous_7)","line":48,"loc":{"start":{"line":48,"column":53},"end":{"line":48,"column":76}}}},"statementMap":{"1":{"start":{"line":4,"column":0},"end":{"line":7,"column":30}},"2":{"start":{"line":13,"column":0},"end":{"line":20,"column":2}},"3":{"start":{"line":14,"column":4},"end":{"line":19,"column":7}},"4":{"start":{"line":15,"column":8},"end":{"line":15,"column":34}},"5":{"start":{"line":15,"column":17},"end":{"line":15,"column":34}},"6":{"start":{"line":16,"column":8},"end":{"line":16,"column":75}},"7":{"start":{"line":16,"column":21},"end":{"line":16,"column":75}},"8":{"start":{"line":17,"column":8},"end":{"line":17,"column":28}},"9":{"start":{"line":18,"column":8},"end":{"line":18,"column":15}},"10":{"start":{"line":25,"column":0},"end":{"line":27,"column":2}},"11":{"start":{"line":26,"column":4},"end":{"line":26,"column":26}},"12":{"start":{"line":32,"column":0},"end":{"line":42,"column":2}},"13":{"start":{"line":33,"column":4},"end":{"line":41,"column":7}},"14":{"start":{"line":34,"column":8},"end":{"line":40,"column":9}},"15":{"start":{"line":35,"column":12},"end":{"line":37,"column":15}},"16":{"start":{"line":39,"column":12},"end":{"line":39,"column":31}},"17":{"start":{"line":47,"column":0},"end":{"line":55,"column":2}},"18":{"start":{"line":48,"column":4},"end":{"line":54,"column":7}},"19":{"start":{"line":49,"column":8},"end":{"line":53,"column":9}},"20":{"start":{"line":50,"column":12},"end":{"line":50,"column":29}},"21":{"start":{"line":52,"column":12},"end":{"line":52,"column":24}}},"branchMap":{"1":{"line":15,"type":"if","locations":[{"start":{"line":15,"column":8},"end":{"line":15,"column":8}},{"start":{"line":15,"column":8},"end":{"line":15,"column":8}}]},"2":{"line":16,"type":"if","locations":[{"start":{"line":16,"column":8},"end":{"line":16,"column":8}},{"start":{"line":16,"column":8},"end":{"line":16,"column":8}}]},"3":{"line":34,"type":"if","locations":[{"start":{"line":34,"column":8},"end":{"line":34,"column":8}},{"start":{"line":34,"column":8},"end":{"line":34,"column":8}}]},"4":{"line":49,"type":"if","locations":[{"start":{"line":49,"column":8},"end":{"line":49,"column":8}},{"start":{"line":49,"column":8},"end":{"line":49,"column":8}}]}}},"/Users/andeladeveloper/gryffindor-cfh/app/controllers/questions.js":{"path":"/Users/andeladeveloper/gryffindor-cfh/app/controllers/questions.js","s":{"1":1,"2":1,"3":0,"4":0,"5":0,"6":0,"7":0,"8":0,"9":0,"10":1,"11":0,"12":1,"13":0,"14":0,"15":0,"16":0,"17":1,"18":3,"19":0,"20":0,"21":0},"b":{"1":[0,0],"2":[0,0],"3":[0,0],"4":[0,0]},"f":{"1":0,"2":0,"3":0,"4":0,"5":0,"6":3,"7":0},"fnMap":{"1":{"name":"(anonymous_1)","line":13,"loc":{"start":{"line":13,"column":19},"end":{"line":13,"column":48}}},"2":{"name":"(anonymous_2)","line":14,"loc":{"start":{"line":14,"column":22},"end":{"line":14,"column":46}}},"3":{"name":"(anonymous_3)","line":25,"loc":{"start":{"line":25,"column":15},"end":{"line":25,"column":34}}},"4":{"name":"(anonymous_4)","line":32,"loc":{"start":{"line":32,"column":14},"end":{"line":32,"column":33}}},"5":{"name":"(anonymous_5)","line":33,"loc":{"start":{"line":33,"column":78},"end":{"line":33,"column":103}}},"6":{"name":"(anonymous_6)","line":47,"loc":{"start":{"line":47,"column":30},"end":{"line":47,"column":43}}},"7":{"name":"(anonymous_7)","line":48,"loc":{"start":{"line":48,"column":78},"end":{"line":48,"column":103}}}},"statementMap":{"1":{"start":{"line":4,"column":0},"end":{"line":7,"column":30}},"2":{"start":{"line":13,"column":0},"end":{"line":20,"column":2}},"3":{"start":{"line":14,"column":4},"end":{"line":19,"column":7}},"4":{"start":{"line":15,"column":8},"end":{"line":15,"column":34}},"5":{"start":{"line":15,"column":17},"end":{"line":15,"column":34}},"6":{"start":{"line":16,"column":8},"end":{"line":16,"column":79}},"7":{"start":{"line":16,"column":23},"end":{"line":16,"column":79}},"8":{"start":{"line":17,"column":8},"end":{"line":17,"column":32}},"9":{"start":{"line":18,"column":8},"end":{"line":18,"column":15}},"10":{"start":{"line":25,"column":0},"end":{"line":27,"column":2}},"11":{"start":{"line":26,"column":4},"end":{"line":26,"column":28}},"12":{"start":{"line":32,"column":0},"end":{"line":42,"column":2}},"13":{"start":{"line":33,"column":4},"end":{"line":41,"column":7}},"14":{"start":{"line":34,"column":8},"end":{"line":40,"column":9}},"15":{"start":{"line":35,"column":12},"end":{"line":37,"column":15}},"16":{"start":{"line":39,"column":12},"end":{"line":39,"column":33}},"17":{"start":{"line":47,"column":0},"end":{"line":55,"column":2}},"18":{"start":{"line":48,"column":4},"end":{"line":54,"column":7}},"19":{"start":{"line":49,"column":8},"end":{"line":53,"column":9}},"20":{"start":{"line":50,"column":12},"end":{"line":50,"column":29}},"21":{"start":{"line":52,"column":12},"end":{"line":52,"column":26}}},"branchMap":{"1":{"line":15,"type":"if","locations":[{"start":{"line":15,"column":8},"end":{"line":15,"column":8}},{"start":{"line":15,"column":8},"end":{"line":15,"column":8}}]},"2":{"line":16,"type":"if","locations":[{"start":{"line":16,"column":8},"end":{"line":16,"column":8}},{"start":{"line":16,"column":8},"end":{"line":16,"column":8}}]},"3":{"line":34,"type":"if","locations":[{"start":{"line":34,"column":8},"end":{"line":34,"column":8}},{"start":{"line":34,"column":8},"end":{"line":34,"column":8}}]},"4":{"line":49,"type":"if","locations":[{"start":{"line":49,"column":8},"end":{"line":49,"column":8}},{"start":{"line":49,"column":8},"end":{"line":49,"column":8}}]}}},"/Users/andeladeveloper/gryffindor-cfh/app/controllers/index.js":{"path":"/Users/andeladeveloper/gryffindor-cfh/app/controllers/index.js","s":{"1":1,"2":1,"3":0,"4":0,"5":0,"6":1,"7":0},"b":{"1":[0,0],"2":[0,0]},"f":{"1":0,"2":0},"fnMap":{"1":{"name":"(anonymous_1)","line":11,"loc":{"start":{"line":11,"column":15},"end":{"line":11,"column":34}}},"2":{"name":"(anonymous_2)","line":19,"loc":{"start":{"line":19,"column":17},"end":{"line":19,"column":36}}}},"statementMap":{"1":{"start":{"line":4,"column":0},"end":{"line":6,"column":30}},"2":{"start":{"line":11,"column":0},"end":{"line":17,"column":2}},"3":{"start":{"line":12,"column":2},"end":{"line":16,"column":3}},"4":{"start":{"line":13,"column":4},"end":{"line":13,"column":35}},"5":{"start":{"line":15,"column":4},"end":{"line":15,"column":28}},"6":{"start":{"line":19,"column":0},"end":{"line":23,"column":2}},"7":{"start":{"line":20,"column":4},"end":{"line":22,"column":7}}},"branchMap":{"1":{"line":12,"type":"if","locations":[{"start":{"line":12,"column":2},"end":{"line":12,"column":2}},{"start":{"line":12,"column":2},"end":{"line":12,"column":2}}]},"2":{"line":21,"type":"cond-expr","locations":[{"start":{"line":21,"column":25},"end":{"line":21,"column":49}},{"start":{"line":21,"column":52},"end":{"line":21,"column":58}}]}}},"/Users/andeladeveloper/gryffindor-cfh/config/socket/socket.js":{"path":"/Users/andeladeveloper/gryffindor-cfh/config/socket/socket.js","s":{"1":1,"2":1,"3":1,"4":1,"5":1,"6":1,"7":1,"8":1,"9":1,"10":1,"11":1,"12":1,"13":1,"14":1,"15":13,"16":13,"17":13,"18":0,"19":0,"20":0,"21":0,"22":13,"23":0,"24":0,"25":0,"26":13,"27":13,"28":13,"29":13,"30":0,"31":0,"32":13,"33":2,"34":2,"35":2,"36":2,"37":2,"38":1,"39":1,"40":2,"41":2,"42":13,"43":0,"44":13,"45":13,"46":13,"47":1,"48":13,"49":13,"50":13,"51":13,"52":0,"53":0,"54":0,"55":0,"56":0,"57":0,"58":0,"59":0,"60":0,"61":0,"62":0,"63":13,"64":13,"65":13,"66":1,"67":13,"68":13,"69":13,"70":13,"71":5,"72":5,"73":5,"74":5,"75":5,"76":5,"77":5,"78":5,"79":5,"80":5,"81":5,"82":5,"83":5,"84":1,"85":1,"86":8,"87":8,"88":1,"89":7,"90":1,"91":7,"92":7,"93":1,"94":1,"95":1,"96":1,"97":1,"98":1,"99":1,"100":1,"101":1,"102":1,"103":1,"104":1,"105":1,"106":6,"107":6,"108":6,"109":6,"110":6,"111":6,"112":6,"113":6,"114":6,"115":6,"116":6,"117":0,"118":0,"119":1,"120":1,"121":1,"122":1,"123":1,"124":1,"125":6,"126":1,"127":1,"128":1,"129":1,"130":1,"131":1,"132":1,"133":1,"134":1,"135":1,"136":1,"137":1,"138":1,"139":13,"140":13,"141":9,"142":9,"143":9,"144":9,"145":7,"146":2,"147":2,"148":6,"149":2,"150":2,"151":13},"b":{"1":[0,0],"2":[0,0],"3":[13,0],"4":[2,0],"5":[2,0],"6":[1,0],"7":[13,0],"8":[13,0],"9":[0,13],"10":[0,0],"11":[0,0],"12":[0,0],"13":[0,0],"14":[13,8],"15":[13,12],"16":[5,8],"17":[13,5],"18":[5,0],"19":[5,5,5],"20":[1,4],"21":[1,7],"22":[1,6],"23":[0,6],"24":[1,0],"25":[1,1],"26":[9,4],"27":[7,2],"28":[9,5]},"f":{"1":1,"2":13,"3":0,"4":0,"5":13,"6":0,"7":2,"8":1,"9":0,"10":13,"11":13,"12":0,"13":13,"14":7,"15":1,"16":13},"fnMap":{"1":{"name":"(anonymous_1)","line":11,"loc":{"start":{"line":11,"column":17},"end":{"line":11,"column":30}}},"2":{"name":"(anonymous_2)","line":19,"loc":{"start":{"line":19,"column":30},"end":{"line":19,"column":48}}},"3":{"name":"(anonymous_3)","line":23,"loc":{"start":{"line":23,"column":27},"end":{"line":23,"column":42}}},"4":{"name":"(anonymous_4)","line":32,"loc":{"start":{"line":32,"column":29},"end":{"line":32,"column":44}}},"5":{"name":"(anonymous_5)","line":40,"loc":{"start":{"line":40,"column":26},"end":{"line":40,"column":41}}},"6":{"name":"(anonymous_6)","line":46,"loc":{"start":{"line":46,"column":29},"end":{"line":46,"column":44}}},"7":{"name":"(anonymous_7)","line":51,"loc":{"start":{"line":51,"column":27},"end":{"line":51,"column":38}}},"8":{"name":"(anonymous_8)","line":57,"loc":{"start":{"line":57,"column":38},"end":{"line":57,"column":59}}},"9":{"name":"(anonymous_9)","line":68,"loc":{"start":{"line":68,"column":27},"end":{"line":68,"column":38}}},"10":{"name":"(anonymous_10)","line":72,"loc":{"start":{"line":72,"column":28},"end":{"line":72,"column":38}}},"11":{"name":"(anonymous_11)","line":78,"loc":{"start":{"line":78,"column":17},"end":{"line":78,"column":39}}},"12":{"name":"(anonymous_12)","line":85,"loc":{"start":{"line":85,"column":14},"end":{"line":85,"column":34}}},"13":{"name":"(anonymous_13)","line":109,"loc":{"start":{"line":109,"column":16},"end":{"line":109,"column":70}}},"14":{"name":"(anonymous_14)","line":152,"loc":{"start":{"line":152,"column":17},"end":{"line":152,"column":41}}},"15":{"name":"(anonymous_15)","line":186,"loc":{"start":{"line":186,"column":30},"end":{"line":186,"column":54}}},"16":{"name":"(anonymous_16)","line":211,"loc":{"start":{"line":211,"column":17},"end":{"line":211,"column":34}}}},"statementMap":{"1":{"start":{"line":1,"column":0},"end":{"line":1,"column":29}},"2":{"start":{"line":2,"column":0},"end":{"line":2,"column":33}},"3":{"start":{"line":3,"column":0},"end":{"line":3,"column":51}},"4":{"start":{"line":4,"column":0},"end":{"line":4,"column":35}},"5":{"start":{"line":5,"column":0},"end":{"line":5,"column":34}},"6":{"start":{"line":7,"column":0},"end":{"line":7,"column":77}},"7":{"start":{"line":9,"column":0},"end":{"line":9,"column":76}},"8":{"start":{"line":11,"column":0},"end":{"line":232,"column":2}},"9":{"start":{"line":13,"column":2},"end":{"line":13,"column":11}},"10":{"start":{"line":14,"column":2},"end":{"line":14,"column":20}},"11":{"start":{"line":15,"column":2},"end":{"line":15,"column":22}},"12":{"start":{"line":16,"column":2},"end":{"line":16,"column":31}},"13":{"start":{"line":17,"column":2},"end":{"line":17,"column":17}},"14":{"start":{"line":19,"column":2},"end":{"line":76,"column":5}},"15":{"start":{"line":20,"column":4},"end":{"line":20,"column":43}},"16":{"start":{"line":21,"column":4},"end":{"line":21,"column":39}},"17":{"start":{"line":23,"column":4},"end":{"line":30,"column":7}},"18":{"start":{"line":24,"column":6},"end":{"line":24,"column":43}},"19":{"start":{"line":25,"column":6},"end":{"line":29,"column":7}},"20":{"start":{"line":26,"column":8},"end":{"line":26,"column":64}},"21":{"start":{"line":28,"column":8},"end":{"line":28,"column":94}},"22":{"start":{"line":32,"column":4},"end":{"line":38,"column":7}},"23":{"start":{"line":33,"column":6},"end":{"line":37,"column":7}},"24":{"start":{"line":34,"column":8},"end":{"line":34,"column":65}},"25":{"start":{"line":36,"column":8},"end":{"line":36,"column":97}},"26":{"start":{"line":40,"column":4},"end":{"line":44,"column":7}},"27":{"start":{"line":41,"column":6},"end":{"line":43,"column":7}},"28":{"start":{"line":42,"column":8},"end":{"line":42,"column":30}},"29":{"start":{"line":46,"column":4},"end":{"line":49,"column":7}},"30":{"start":{"line":47,"column":6},"end":{"line":47,"column":23}},"31":{"start":{"line":48,"column":6},"end":{"line":48,"column":28}},"32":{"start":{"line":51,"column":4},"end":{"line":66,"column":7}},"33":{"start":{"line":52,"column":6},"end":{"line":65,"column":7}},"34":{"start":{"line":53,"column":8},"end":{"line":53,"column":47}},"35":{"start":{"line":54,"column":8},"end":{"line":54,"column":80}},"36":{"start":{"line":55,"column":8},"end":{"line":64,"column":9}},"37":{"start":{"line":57,"column":10},"end":{"line":61,"column":13}},"38":{"start":{"line":58,"column":12},"end":{"line":60,"column":13}},"39":{"start":{"line":59,"column":14},"end":{"line":59,"column":57}},"40":{"start":{"line":62,"column":10},"end":{"line":62,"column":33}},"41":{"start":{"line":63,"column":10},"end":{"line":63,"column":59}},"42":{"start":{"line":68,"column":4},"end":{"line":70,"column":7}},"43":{"start":{"line":69,"column":6},"end":{"line":69,"column":23}},"44":{"start":{"line":72,"column":4},"end":{"line":75,"column":7}},"45":{"start":{"line":73,"column":6},"end":{"line":73,"column":68}},"46":{"start":{"line":74,"column":6},"end":{"line":74,"column":23}},"47":{"start":{"line":78,"column":2},"end":{"line":107,"column":4}},"48":{"start":{"line":79,"column":4},"end":{"line":79,"column":36}},"49":{"start":{"line":80,"column":4},"end":{"line":80,"column":22}},"50":{"start":{"line":81,"column":4},"end":{"line":81,"column":53}},"51":{"start":{"line":82,"column":4},"end":{"line":106,"column":5}},"52":{"start":{"line":83,"column":6},"end":{"line":100,"column":9}},"53":{"start":{"line":86,"column":8},"end":{"line":89,"column":9}},"54":{"start":{"line":87,"column":10},"end":{"line":87,"column":33}},"55":{"start":{"line":88,"column":10},"end":{"line":88,"column":21}},"56":{"start":{"line":90,"column":8},"end":{"line":98,"column":9}},"57":{"start":{"line":92,"column":10},"end":{"line":92,"column":36}},"58":{"start":{"line":93,"column":10},"end":{"line":93,"column":66}},"59":{"start":{"line":95,"column":10},"end":{"line":95,"column":38}},"60":{"start":{"line":96,"column":10},"end":{"line":96,"column":45}},"61":{"start":{"line":97,"column":10},"end":{"line":97,"column":81}},"62":{"start":{"line":99,"column":8},"end":{"line":99,"column":60}},"63":{"start":{"line":103,"column":6},"end":{"line":103,"column":32}},"64":{"start":{"line":104,"column":6},"end":{"line":104,"column":62}},"65":{"start":{"line":105,"column":6},"end":{"line":105,"column":58}},"66":{"start":{"line":109,"column":2},"end":{"line":150,"column":4}},"67":{"start":{"line":110,"column":4},"end":{"line":110,"column":44}},"68":{"start":{"line":111,"column":4},"end":{"line":111,"column":43}},"69":{"start":{"line":112,"column":4},"end":{"line":112,"column":64}},"70":{"start":{"line":113,"column":4},"end":{"line":148,"column":5}},"71":{"start":{"line":114,"column":6},"end":{"line":114,"column":53}},"72":{"start":{"line":115,"column":6},"end":{"line":115,"column":43}},"73":{"start":{"line":121,"column":6},"end":{"line":139,"column":7}},"74":{"start":{"line":124,"column":8},"end":{"line":124,"column":63}},"75":{"start":{"line":125,"column":8},"end":{"line":125,"column":37}},"76":{"start":{"line":126,"column":8},"end":{"line":126,"column":34}},"77":{"start":{"line":127,"column":8},"end":{"line":127,"column":33}},"78":{"start":{"line":128,"column":8},"end":{"line":128,"column":36}},"79":{"start":{"line":129,"column":8},"end":{"line":129,"column":34}},"80":{"start":{"line":130,"column":8},"end":{"line":130,"column":32}},"81":{"start":{"line":131,"column":8},"end":{"line":131,"column":26}},"82":{"start":{"line":132,"column":8},"end":{"line":132,"column":71}},"83":{"start":{"line":133,"column":8},"end":{"line":136,"column":9}},"84":{"start":{"line":134,"column":10},"end":{"line":134,"column":38}},"85":{"start":{"line":135,"column":10},"end":{"line":135,"column":29}},"86":{"start":{"line":142,"column":6},"end":{"line":142,"column":69}},"87":{"start":{"line":143,"column":6},"end":{"line":147,"column":7}},"88":{"start":{"line":144,"column":8},"end":{"line":144,"column":45}},"89":{"start":{"line":146,"column":8},"end":{"line":146,"column":32}},"90":{"start":{"line":152,"column":2},"end":{"line":184,"column":4}},"91":{"start":{"line":153,"column":4},"end":{"line":153,"column":13}},"92":{"start":{"line":154,"column":4},"end":{"line":183,"column":5}},"93":{"start":{"line":155,"column":6},"end":{"line":155,"column":18}},"94":{"start":{"line":156,"column":6},"end":{"line":156,"column":40}},"95":{"start":{"line":157,"column":6},"end":{"line":157,"column":37}},"96":{"start":{"line":158,"column":6},"end":{"line":158,"column":35}},"97":{"start":{"line":159,"column":6},"end":{"line":159,"column":32}},"98":{"start":{"line":160,"column":6},"end":{"line":160,"column":30}},"99":{"start":{"line":161,"column":6},"end":{"line":161,"column":37}},"100":{"start":{"line":162,"column":6},"end":{"line":162,"column":31}},"101":{"start":{"line":163,"column":6},"end":{"line":163,"column":34}},"102":{"start":{"line":164,"column":6},"end":{"line":164,"column":73}},"103":{"start":{"line":165,"column":6},"end":{"line":165,"column":32}},"104":{"start":{"line":166,"column":6},"end":{"line":166,"column":30}},"105":{"start":{"line":167,"column":6},"end":{"line":167,"column":24}},"106":{"start":{"line":169,"column":6},"end":{"line":169,"column":36}},"107":{"start":{"line":170,"column":6},"end":{"line":170,"column":35}},"108":{"start":{"line":171,"column":6},"end":{"line":171,"column":32}},"109":{"start":{"line":172,"column":6},"end":{"line":172,"column":59}},"110":{"start":{"line":173,"column":6},"end":{"line":173,"column":31}},"111":{"start":{"line":174,"column":6},"end":{"line":174,"column":34}},"112":{"start":{"line":175,"column":6},"end":{"line":175,"column":32}},"113":{"start":{"line":176,"column":6},"end":{"line":176,"column":30}},"114":{"start":{"line":177,"column":6},"end":{"line":177,"column":24}},"115":{"start":{"line":178,"column":6},"end":{"line":178,"column":69}},"116":{"start":{"line":179,"column":6},"end":{"line":182,"column":7}},"117":{"start":{"line":180,"column":8},"end":{"line":180,"column":36}},"118":{"start":{"line":181,"column":8},"end":{"line":181,"column":27}},"119":{"start":{"line":186,"column":2},"end":{"line":209,"column":4}},"120":{"start":{"line":187,"column":4},"end":{"line":187,"column":29}},"121":{"start":{"line":188,"column":4},"end":{"line":188,"column":24}},"122":{"start":{"line":190,"column":4},"end":{"line":198,"column":5}},"123":{"start":{"line":191,"column":6},"end":{"line":191,"column":22}},"124":{"start":{"line":192,"column":6},"end":{"line":194,"column":7}},"125":{"start":{"line":193,"column":8},"end":{"line":193,"column":68}},"126":{"start":{"line":195,"column":6},"end":{"line":197,"column":7}},"127":{"start":{"line":196,"column":8},"end":{"line":196,"column":28}},"128":{"start":{"line":199,"column":4},"end":{"line":199,"column":64}},"129":{"start":{"line":200,"column":4},"end":{"line":200,"column":39}},"130":{"start":{"line":201,"column":4},"end":{"line":201,"column":33}},"131":{"start":{"line":202,"column":4},"end":{"line":202,"column":30}},"132":{"start":{"line":203,"column":4},"end":{"line":203,"column":32}},"133":{"start":{"line":204,"column":4},"end":{"line":204,"column":29}},"134":{"start":{"line":205,"column":4},"end":{"line":205,"column":32}},"135":{"start":{"line":206,"column":4},"end":{"line":206,"column":30}},"136":{"start":{"line":207,"column":4},"end":{"line":207,"column":28}},"137":{"start":{"line":208,"column":4},"end":{"line":208,"column":22}},"138":{"start":{"line":211,"column":2},"end":{"line":230,"column":4}},"139":{"start":{"line":212,"column":4},"end":{"line":212,"column":46}},"140":{"start":{"line":213,"column":4},"end":{"line":228,"column":5}},"141":{"start":{"line":214,"column":6},"end":{"line":214,"column":41}},"142":{"start":{"line":215,"column":6},"end":{"line":215,"column":57}},"143":{"start":{"line":216,"column":6},"end":{"line":216,"column":35}},"144":{"start":{"line":217,"column":6},"end":{"line":227,"column":7}},"145":{"start":{"line":219,"column":8},"end":{"line":219,"column":37}},"146":{"start":{"line":221,"column":8},"end":{"line":221,"column":33}},"147":{"start":{"line":222,"column":8},"end":{"line":224,"column":9}},"148":{"start":{"line":223,"column":10},"end":{"line":223,"column":54}},"149":{"start":{"line":225,"column":8},"end":{"line":225,"column":24}},"150":{"start":{"line":226,"column":8},"end":{"line":226,"column":39}},"151":{"start":{"line":229,"column":4},"end":{"line":229,"column":32}}},"branchMap":{"1":{"line":25,"type":"if","locations":[{"start":{"line":25,"column":6},"end":{"line":25,"column":6}},{"start":{"line":25,"column":6},"end":{"line":25,"column":6}}]},"2":{"line":33,"type":"if","locations":[{"start":{"line":33,"column":6},"end":{"line":33,"column":6}},{"start":{"line":33,"column":6},"end":{"line":33,"column":6}}]},"3":{"line":41,"type":"if","locations":[{"start":{"line":41,"column":6},"end":{"line":41,"column":6}},{"start":{"line":41,"column":6},"end":{"line":41,"column":6}}]},"4":{"line":52,"type":"if","locations":[{"start":{"line":52,"column":6},"end":{"line":52,"column":6}},{"start":{"line":52,"column":6},"end":{"line":52,"column":6}}]},"5":{"line":55,"type":"if","locations":[{"start":{"line":55,"column":8},"end":{"line":55,"column":8}},{"start":{"line":55,"column":8},"end":{"line":55,"column":8}}]},"6":{"line":58,"type":"if","locations":[{"start":{"line":58,"column":12},"end":{"line":58,"column":12}},{"start":{"line":58,"column":12},"end":{"line":58,"column":12}}]},"7":{"line":80,"type":"binary-expr","locations":[{"start":{"line":80,"column":11},"end":{"line":80,"column":15}},{"start":{"line":80,"column":19},"end":{"line":80,"column":21}}]},"8":{"line":81,"type":"binary-expr","locations":[{"start":{"line":81,"column":20},"end":{"line":81,"column":31}},{"start":{"line":81,"column":35},"end":{"line":81,"column":52}}]},"9":{"line":82,"type":"if","locations":[{"start":{"line":82,"column":4},"end":{"line":82,"column":4}},{"start":{"line":82,"column":4},"end":{"line":82,"column":4}}]},"10":{"line":86,"type":"if","locations":[{"start":{"line":86,"column":8},"end":{"line":86,"column":8}},{"start":{"line":86,"column":8},"end":{"line":86,"column":8}}]},"11":{"line":90,"type":"if","locations":[{"start":{"line":90,"column":8},"end":{"line":90,"column":8}},{"start":{"line":90,"column":8},"end":{"line":90,"column":8}}]},"12":{"line":96,"type":"binary-expr","locations":[{"start":{"line":96,"column":27},"end":{"line":96,"column":39}},{"start":{"line":96,"column":43},"end":{"line":96,"column":44}}]},"13":{"line":97,"type":"binary-expr","locations":[{"start":{"line":97,"column":26},"end":{"line":97,"column":37}},{"start":{"line":97,"column":41},"end":{"line":97,"column":80}}]},"14":{"line":110,"type":"binary-expr","locations":[{"start":{"line":110,"column":22},"end":{"line":110,"column":37}},{"start":{"line":110,"column":41},"end":{"line":110,"column":43}}]},"15":{"line":111,"type":"binary-expr","locations":[{"start":{"line":111,"column":20},"end":{"line":111,"column":33}},{"start":{"line":111,"column":37},"end":{"line":111,"column":42}}]},"16":{"line":113,"type":"if","locations":[{"start":{"line":113,"column":4},"end":{"line":113,"column":4}},{"start":{"line":113,"column":4},"end":{"line":113,"column":4}}]},"17":{"line":113,"type":"binary-expr","locations":[{"start":{"line":113,"column":8},"end":{"line":113,"column":30}},{"start":{"line":113,"column":34},"end":{"line":113,"column":59}}]},"18":{"line":121,"type":"if","locations":[{"start":{"line":121,"column":6},"end":{"line":121,"column":6}},{"start":{"line":121,"column":6},"end":{"line":121,"column":6}}]},"19":{"line":121,"type":"binary-expr","locations":[{"start":{"line":121,"column":10},"end":{"line":121,"column":43}},{"start":{"line":121,"column":48},"end":{"line":121,"column":68}},{"start":{"line":122,"column":8},"end":{"line":122,"column":47}}]},"20":{"line":133,"type":"if","locations":[{"start":{"line":133,"column":8},"end":{"line":133,"column":8}},{"start":{"line":133,"column":8},"end":{"line":133,"column":8}}]},"21":{"line":143,"type":"if","locations":[{"start":{"line":143,"column":6},"end":{"line":143,"column":6}},{"start":{"line":143,"column":6},"end":{"line":143,"column":6}}]},"22":{"line":154,"type":"if","locations":[{"start":{"line":154,"column":4},"end":{"line":154,"column":4}},{"start":{"line":154,"column":4},"end":{"line":154,"column":4}}]},"23":{"line":179,"type":"if","locations":[{"start":{"line":179,"column":6},"end":{"line":179,"column":6}},{"start":{"line":179,"column":6},"end":{"line":179,"column":6}}]},"24":{"line":195,"type":"if","locations":[{"start":{"line":195,"column":6},"end":{"line":195,"column":6}},{"start":{"line":195,"column":6},"end":{"line":195,"column":6}}]},"25":{"line":195,"type":"binary-expr","locations":[{"start":{"line":195,"column":10},"end":{"line":195,"column":31}},{"start":{"line":195,"column":35},"end":{"line":195,"column":62}}]},"26":{"line":213,"type":"if","locations":[{"start":{"line":213,"column":4},"end":{"line":213,"column":4}},{"start":{"line":213,"column":4},"end":{"line":213,"column":4}}]},"27":{"line":217,"type":"if","locations":[{"start":{"line":217,"column":6},"end":{"line":217,"column":6}},{"start":{"line":217,"column":6},"end":{"line":217,"column":6}}]},"28":{"line":217,"type":"binary-expr","locations":[{"start":{"line":217,"column":10},"end":{"line":217,"column":43}},{"start":{"line":218,"column":8},"end":{"line":218,"column":52}}]}}},"/Users/andeladeveloper/gryffindor-cfh/config/socket/game.js":{"path":"/Users/andeladeveloper/gryffindor-cfh/config/socket/game.js","s":{"1":1,"2":1,"3":1,"4":1,"5":1,"6":1,"7":2,"8":2,"9":2,"10":2,"11":2,"12":2,"13":2,"14":2,"15":2,"16":2,"17":2,"18":2,"19":2,"20":2,"21":2,"22":2,"23":2,"24":2,"25":2,"26":2,"27":2,"28":1,"29":22,"30":22,"31":51,"32":22,"33":1,"34":20,"35":1,"36":17,"37":33,"38":1,"39":13,"40":13,"41":32,"42":13,"43":13,"44":13,"45":0,"46":1,"47":3,"48":3,"49":3,"50":3,"51":0,"52":0,"53":0,"54":0,"55":0,"56":1,"57":0,"58":0,"59":0,"60":0,"61":1,"62":22,"63":1,"64":0,"65":0,"66":0,"67":0,"68":0,"69":0,"70":0,"71":0,"72":0,"73":0,"74":0,"75":0,"76":0,"77":0,"78":0,"79":0,"80":0,"81":1,"82":0,"83":0,"84":0,"85":0,"86":0,"87":0,"88":0,"89":0,"90":1,"91":0,"92":0,"93":0,"94":0,"95":0,"96":0,"97":1,"98":0,"99":0,"100":0,"101":0,"102":0,"103":0,"104":0,"105":0,"106":0,"107":0,"108":0,"109":1,"110":0,"111":0,"112":0,"113":1,"114":2,"115":2,"116":1,"117":3,"118":0,"119":1,"120":3,"121":0,"122":1,"123":0,"124":0,"125":0,"126":0,"127":0,"128":0,"129":0,"130":0,"131":0,"132":1,"133":0,"134":0,"135":0,"136":0,"137":0,"138":0,"139":0,"140":0,"141":1,"142":7,"143":7,"144":20,"145":7,"146":7,"147":1,"148":0,"149":0,"150":0,"151":0,"152":0,"153":0,"154":0,"155":0,"156":0,"157":0,"158":0,"159":0,"160":0,"161":0,"162":0,"163":0,"164":0,"165":0,"166":0,"167":0,"168":0,"169":0,"170":0,"171":0,"172":0,"173":0,"174":0,"175":1,"176":0,"177":0,"178":0,"179":0,"180":1,"181":7,"182":7,"183":7,"184":7,"185":0,"186":0,"187":7,"188":7,"189":4,"190":7,"191":0,"192":0,"193":0,"194":0,"195":0,"196":0,"197":0,"198":7,"199":0,"200":7,"201":7,"202":1,"203":0,"204":0,"205":0,"206":0,"207":0,"208":0,"209":0,"210":0,"211":0,"212":0,"213":0,"214":0,"215":0,"216":0,"217":0,"218":0,"219":0,"220":0,"221":1,"222":2,"223":2,"224":2,"225":2,"226":1},"b":{"1":[13,19],"2":[0,13],"3":[0,0],"4":[0,0],"5":[0,0],"6":[0,0],"7":[0,0],"8":[0,0],"9":[0,0],"10":[0,0],"11":[0,0],"12":[7,13],"13":[0,0],"14":[0,0],"15":[0,0],"16":[0,0],"17":[0,0],"18":[0,0],"19":[0,0],"20":[0,0],"21":[0,0],"22":[7,0],"23":[0,0],"24":[4,3],"25":[0,7],"26":[0,0],"27":[0,0],"28":[0,7],"29":[0,0],"30":[0,0],"31":[0,0,0],"32":[0,0],"33":[0,0]},"f":{"1":2,"2":22,"3":51,"4":20,"5":17,"6":33,"7":13,"8":32,"9":3,"10":0,"11":0,"12":22,"13":0,"14":0,"15":0,"16":0,"17":0,"18":0,"19":0,"20":0,"21":0,"22":2,"23":3,"24":0,"25":3,"26":0,"27":0,"28":0,"29":0,"30":7,"31":20,"32":0,"33":0,"34":0,"35":7,"36":0,"37":0,"38":2},"fnMap":{"1":{"name":"Game","line":20,"loc":{"start":{"line":20,"column":0},"end":{"line":20,"column":26}}},"2":{"name":"(anonymous_2)","line":54,"loc":{"start":{"line":54,"column":25},"end":{"line":54,"column":36}}},"3":{"name":"(anonymous_3)","line":56,"loc":{"start":{"line":56,"column":23},"end":{"line":56,"column":46}}},"4":{"name":"(anonymous_4)","line":83,"loc":{"start":{"line":83,"column":34},"end":{"line":83,"column":48}}},"5":{"name":"(anonymous_5)","line":89,"loc":{"start":{"line":89,"column":36},"end":{"line":89,"column":47}}},"6":{"name":"(anonymous_6)","line":90,"loc":{"start":{"line":90,"column":23},"end":{"line":90,"column":46}}},"7":{"name":"(anonymous_7)","line":95,"loc":{"start":{"line":95,"column":34},"end":{"line":95,"column":45}}},"8":{"name":"(anonymous_8)","line":97,"loc":{"start":{"line":97,"column":23},"end":{"line":97,"column":40}}},"9":{"name":"(anonymous_9)","line":108,"loc":{"start":{"line":108,"column":29},"end":{"line":108,"column":40}}},"10":{"name":"(anonymous_10)","line":124,"loc":{"start":{"line":124,"column":4},"end":{"line":124,"column":26}}},"11":{"name":"(anonymous_11)","line":135,"loc":{"start":{"line":135,"column":27},"end":{"line":135,"column":38}}},"12":{"name":"(anonymous_12)","line":142,"loc":{"start":{"line":142,"column":28},"end":{"line":142,"column":39}}},"13":{"name":"(anonymous_13)","line":146,"loc":{"start":{"line":146,"column":31},"end":{"line":146,"column":46}}},"14":{"name":"(anonymous_14)","line":155,"loc":{"start":{"line":155,"column":22},"end":{"line":155,"column":42}}},"15":{"name":"(anonymous_15)","line":169,"loc":{"start":{"line":169,"column":36},"end":{"line":169,"column":47}}},"16":{"name":"(anonymous_16)","line":174,"loc":{"start":{"line":174,"column":29},"end":{"line":174,"column":40}}},"17":{"name":"(anonymous_17)","line":188,"loc":{"start":{"line":188,"column":30},"end":{"line":188,"column":45}}},"18":{"name":"(anonymous_18)","line":197,"loc":{"start":{"line":197,"column":37},"end":{"line":197,"column":48}}},"19":{"name":"(anonymous_19)","line":204,"loc":{"start":{"line":204,"column":30},"end":{"line":204,"column":45}}},"20":{"name":"(anonymous_20)","line":215,"loc":{"start":{"line":215,"column":35},"end":{"line":215,"column":46}}},"21":{"name":"(anonymous_21)","line":224,"loc":{"start":{"line":224,"column":30},"end":{"line":224,"column":47}}},"22":{"name":"(anonymous_22)","line":230,"loc":{"start":{"line":230,"column":35},"end":{"line":230,"column":46}}},"23":{"name":"(anonymous_23)","line":235,"loc":{"start":{"line":235,"column":30},"end":{"line":235,"column":43}}},"24":{"name":"(anonymous_24)","line":236,"loc":{"start":{"line":236,"column":32},"end":{"line":236,"column":46}}},"25":{"name":"(anonymous_25)","line":241,"loc":{"start":{"line":241,"column":28},"end":{"line":241,"column":41}}},"26":{"name":"(anonymous_26)","line":242,"loc":{"start":{"line":242,"column":28},"end":{"line":242,"column":42}}},"27":{"name":"(anonymous_27)","line":247,"loc":{"start":{"line":247,"column":30},"end":{"line":247,"column":46}}},"28":{"name":"(anonymous_28)","line":262,"loc":{"start":{"line":262,"column":29},"end":{"line":262,"column":50}}},"29":{"name":"(anonymous_29)","line":264,"loc":{"start":{"line":264,"column":21},"end":{"line":264,"column":41}}},"30":{"name":"(anonymous_30)","line":277,"loc":{"start":{"line":277,"column":42},"end":{"line":277,"column":63}}},"31":{"name":"(anonymous_31)","line":279,"loc":{"start":{"line":279,"column":23},"end":{"line":279,"column":47}}},"32":{"name":"(anonymous_32)","line":287,"loc":{"start":{"line":287,"column":27},"end":{"line":287,"column":63}}},"33":{"name":"(anonymous_33)","line":296,"loc":{"start":{"line":296,"column":25},"end":{"line":296,"column":52}}},"34":{"name":"(anonymous_34)","line":337,"loc":{"start":{"line":337,"column":27},"end":{"line":337,"column":48}}},"35":{"name":"(anonymous_35)","line":346,"loc":{"start":{"line":346,"column":30},"end":{"line":346,"column":51}}},"36":{"name":"(anonymous_36)","line":392,"loc":{"start":{"line":392,"column":29},"end":{"line":392,"column":72}}},"37":{"name":"(anonymous_37)","line":397,"loc":{"start":{"line":397,"column":23},"end":{"line":397,"column":51}}},"38":{"name":"(anonymous_38)","line":420,"loc":{"start":{"line":420,"column":26},"end":{"line":420,"column":37}}}},"statementMap":{"1":{"start":{"line":1,"column":0},"end":{"line":1,"column":29}},"2":{"start":{"line":2,"column":0},"end":{"line":2,"column":30}},"3":{"start":{"line":3,"column":0},"end":{"line":3,"column":75}},"4":{"start":{"line":4,"column":0},"end":{"line":4,"column":71}},"5":{"start":{"line":5,"column":0},"end":{"line":18,"column":2}},"6":{"start":{"line":20,"column":0},"end":{"line":52,"column":1}},"7":{"start":{"line":21,"column":2},"end":{"line":21,"column":15}},"8":{"start":{"line":22,"column":2},"end":{"line":22,"column":23}},"9":{"start":{"line":23,"column":2},"end":{"line":23,"column":20}},"10":{"start":{"line":24,"column":2},"end":{"line":24,"column":18}},"11":{"start":{"line":25,"column":2},"end":{"line":25,"column":24}},"12":{"start":{"line":26,"column":2},"end":{"line":26,"column":23}},"13":{"start":{"line":27,"column":2},"end":{"line":27,"column":32}},"14":{"start":{"line":28,"column":2},"end":{"line":28,"column":17}},"15":{"start":{"line":29,"column":2},"end":{"line":29,"column":26}},"16":{"start":{"line":30,"column":2},"end":{"line":30,"column":26}},"17":{"start":{"line":31,"column":2},"end":{"line":31,"column":22}},"18":{"start":{"line":32,"column":2},"end":{"line":32,"column":34}},"19":{"start":{"line":33,"column":2},"end":{"line":33,"column":17}},"20":{"start":{"line":34,"column":2},"end":{"line":34,"column":24}},"21":{"start":{"line":35,"column":2},"end":{"line":35,"column":22}},"22":{"start":{"line":36,"column":2},"end":{"line":36,"column":26}},"23":{"start":{"line":37,"column":2},"end":{"line":41,"column":4}},"24":{"start":{"line":45,"column":2},"end":{"line":45,"column":27}},"25":{"start":{"line":49,"column":2},"end":{"line":49,"column":26}},"26":{"start":{"line":50,"column":2},"end":{"line":50,"column":26}},"27":{"start":{"line":51,"column":2},"end":{"line":51,"column":39}},"28":{"start":{"line":54,"column":0},"end":{"line":81,"column":2}},"29":{"start":{"line":55,"column":2},"end":{"line":55,"column":19}},"30":{"start":{"line":56,"column":2},"end":{"line":66,"column":5}},"31":{"start":{
[...]
96,"column":18}},"40":{"start":{"line":97,"column":2},"end":{"line":105,"column":5}},"41":{"start":{"line":98,"column":4},"end":{"line":104,"column":5}},"42":{"start":{"line":99,"column":6},"end":{"line":99,"column":73}},"43":{"start":{"line":100,"column":6},"end":{"line":100,"column":64}},"44":{"start":{"line":101,"column":6},"end":{"line":103,"column":7}},"45":{"start":{"line":102,"column":8},"end":{"line":102,"column":45}},"46":{"start":{"line":108,"column":0},"end":{"line":133,"column":2}},"47":{"start":{"line":109,"column":2},"end":{"line":109,"column":34}},"48":{"start":{"line":111,"column":2},"end":{"line":117,"column":7}},"49":{"start":{"line":119,"column":2},"end":{"line":119,"column":18}},"50":{"start":{"line":120,"column":2},"end":{"line":132,"column":7}},"51":{"start":{"line":125,"column":6},"end":{"line":127,"column":7}},"52":{"start":{"line":126,"column":8},"end":{"line":126,"column":25}},"53":{"start":{"line":128,"column":6},"end":{"line":128,"column":34}},"54":{"start":{"line":129,"column":6},"end":{"line":129,"column":32}},"55":{"start":{"line":131,"column":6},"end":{"line":131,"column":23}},"56":{"start":{"line":135,"column":0},"end":{"line":140,"column":2}},"57":{"start":{"line":136,"column":2},"end":{"line":136,"column":38}},"58":{"start":{"line":137,"column":2},"end":{"line":137,"column":36}},"59":{"start":{"line":138,"column":2},"end":{"line":138,"column":34}},"60":{"start":{"line":139,"column":2},"end":{"line":139,"column":27}},"61":{"start":{"line":142,"column":0},"end":{"line":144,"column":2}},"62":{"start":{"line":143,"column":2},"end":{"line":143,"column":69}},"63":{"start":{"line":146,"column":0},"end":{"line":172,"column":2}},"64":{"start":{"line":147,"column":2},"end":{"line":147,"column":45}},"65":{"start":{"line":149,"column":2},"end":{"line":149,"column":18}},"66":{"start":{"line":150,"column":2},"end":{"line":150,"column":24}},"67":{"start":{"line":151,"column":2},"end":{"line":151,"column":30}},"68":{"start":{"line":152,"column":2},"end":{"line":152,"column":32}},"69":{"start":{"line":153,"column":2},"end":{"line":153,"column":42}},"70":{"start":{"line":154,"column":2},"end":{"line":158,"column":3}},"71":{"start":{"line":155,"column":4},"end":{"line":157,"column":7}},"72":{"start":{"line":156,"column":6},"end":{"line":156,"column":28}},"73":{"start":{"line":159,"column":2},"end":{"line":159,"column":15}},"74":{"start":{"line":160,"column":2},"end":{"line":160,"column":21}},"75":{"start":{"line":162,"column":2},"end":{"line":166,"column":3}},"76":{"start":{"line":163,"column":4},"end":{"line":163,"column":18}},"77":{"start":{"line":165,"column":4},"end":{"line":165,"column":16}},"78":{"start":{"line":167,"column":2},"end":{"line":167,"column":20}},"79":{"start":{"line":169,"column":2},"end":{"line":171,"column":41}},"80":{"start":{"line":170,"column":4},"end":{"line":170,"column":28}},"81":{"start":{"line":174,"column":0},"end":{"line":186,"column":2}},"82":{"start":{"line":175,"column":2},"end":{"line":185,"column":3}},"83":{"start":{"line":176,"column":4},"end":{"line":176,"column":25}},"84":{"start":{"line":177,"column":4},"end":{"line":177,"column":74}},"85":{"start":{"line":178,"column":4},"end":{"line":178,"column":41}},"86":{"start":{"line":179,"column":4},"end":{"line":179,"column":39}},"87":{"start":{"line":180,"column":4},"end":{"line":180,"column":33}},"88":{"start":{"line":181,"column":4},"end":{"line":181,"column":28}},"89":{"start":{"line":184,"column":4},"end":{"line":184,"column":29}},"90":{"start":{"line":188,"column":0},"end":{"line":202,"column":2}},"91":{"start":{"line":189,"column":2},"end":{"line":189,"column":44}},"92":{"start":{"line":192,"column":2},"end":{"line":201,"column":3}},"93":{"start":{"line":194,"column":4},"end":{"line":194,"column":23}},"94":{"start":{"line":196,"column":4},"end":{"line":196,"column":22}},"95":{"start":{"line":197,"column":4},"end":{"line":200,"column":42}},"96":{"start":{"line":199,"column":6},"end":{"line":199,"column":25}},"97":{"start":{"line":204,"column":0},"end":{"line":222,"column":2}},"98":{"start":{"line":205,"column":2},"end":{"line":205,"column":40}},"99":{"start":{"line":206,"column":2},"end":{"line":206,"column":26}},"100":{"start":{"line":208,"column":2},"end":{"line":208,"column":18}},"101":{"start":{"line":209,"column":2},"end":{"line":213,"column":3}},"102":{"start":{"line":210,"column":4},"end":{"line":212,"column":5}},"103":{"start":{"line":211,"column":6},"end":{"line":211,"column":17}},"104":{"start":{"line":214,"column":2},"end":{"line":214,"column":20}},"105":{"start":{"line":215,"column":2},"end":{"line":221,"column":40}},"106":{"start":{"line":216,"column":4},"end":{"line":220,"column":5}},"107":{"start":{"line":217,"column":6},"end":{"line":217,"column":32}},"108":{"start":{"line":219,"column":6},"end":{"line":219,"column":31}},"109":{"start":{"line":224,"column":0},"end":{"line":228,"column":2}},"110":{"start":{"line":225,"column":2},"end":{"line":225,"column":28}},"111":{"start":{"line":226,"column":2},"end":{"line":226,"column":27}},"112":{"start":{"line":227,"column":2},"end":{"line":227,"column":20}},"113":{"start":{"line":230,"column":0},"end":{"line":233,"column":2}},"114":{"start":{"line":231,"column":2},"end":{"line":231,"column":32}},"115":{"start":{"line":232,"column":2},"end":{"line":232,"column":20}},"116":{"start":{"line":235,"column":0},"end":{"line":239,"column":2}},"117":{"start":{"line":236,"column":2},"end":{"line":238,"column":5}},"118":{"start":{"line":237,"column":4},"end":{"line":237,"column":18}},"119":{"start":{"line":241,"column":0},"end":{"line":245,"column":2}},"120":{"start":{"line":242,"column":2},"end":{"line":244,"column":5}},"121":{"start":{"line":243,"column":4},"end":{"line":243,"column":18}},"122":{"start":{"line":247,"column":0},"end":{"line":260,"column":2}},"123":{"start":{"line":248,"column":2},"end":{"line":248,"column":34}},"124":{"start":{"line":249,"column":2},"end":{"line":249,"column":11}},"125":{"start":{"line":250,"column":2},"end":{"line":250,"column":14}},"126":{"start":{"line":252,"column":2},"end":{"line":257,"column":3}},"127":{"start":{"line":253,"column":4},"end":{"line":253,"column":57}},"128":{"start":{"line":254,"column":4},"end":{"line":254,"column":26}},"129":{"start":{"line":255,"column":4},"end":{"line":255,"column":41}},"130":{"start":{"line":256,"column":4},"end":{"line":256,"column":31}},"131":{"start":{"line":259,"column":2},"end":{"line":259,"column":15}},"132":{"start":{"line":262,"column":0},"end":{"line":275,"column":2}},"133":{"start":{"line":263,"column":2},"end":{"line":263,"column":32}},"134":{"start":{"line":264,"column":2},"end":{"line":266,"column":4}},"135":{"start":{"line":265,"column":4},"end":{"line":265,"column":24}},"136":{"start":{"line":267,"column":2},"end":{"line":274,"column":3}},"137":{"start":{"line":268,"column":4},"end":{"line":273,"column":5}},"138":{"start":{"line":269,"column":6},"end":{"line":269,"column":52}},"139":{"start":{"line":270,"column":6},"end":{"line":272,"column":7}},"140":{"start":{"line":271,"column":8},"end":{"line":271,"column":38}},"141":{"start":{"line":277,"column":0},"end":{"line":285,"column":2}},"142":{"start":{"line":278,"column":2},"end":{"line":278,"column":23}},"143":{"start":{"line":279,"column":2},"end":{"line":283,"column":5}},"144":{"start":{"line":280,"column":4},"end":{"line":282,"column":5}},"145":{"start":{"line":281,"column":6},"end":{"line":281,"column":26}},"146":{"start":{"line":284,"column":2},"end":{"line":284,"column":21}},"147":{"start":{"line":287,"column":0},"end":{"line":335,"column":2}},"148":{"start":{"line":289,"column":2},"end":{"line":334,"column":3}},"149":{"start":{"line":291,"column":4},"end":{"line":291,"column":64}},"150":{"start":{"line":292,"column":4},"end":{"line":292,"column":50}},"151":{"start":{"line":293,"column":4},"end":{"line":331,"column":5}},"152":{"start":{"line":295,"column":6},"end":{"line":295,"column":38}},"153":{"start":{"line":296,"column":6},"end":{"line":300,"column":9}},"154":{"start":{"line":297,"column":8},"end":{"line":299,"column":9}},"155":{"start":{"line":298,"column":10},"end":{"line":298,"column":37}},"156":{"start":{"line":301,"column":6},"end":{"line":330,"column":7}},"157":{"start":{"line":303,"column":8},"end":{"line":303,"column":27}},"158":{"start":{"line":304,"column":8},"end":{"line":316,"column":9}},"159":{"start":{"line":305,"column":10},"end":{"line":305,"column":31}},"160":{"start":{"line":306,"column":10},"end":{"line":310,"column":11}},"161":{"start":{"line":307,"column":12},"end":{"line":309,"column":13}},"162":{"start":{"line":308,"column":14},"end":{"line":308,"column":28}},"163":{"start":{"line":311,"column":10},"end":{"line":311,"column":56}},"164":{"start":{"line":312,"column":10},"end":{"line":314,"column":11}},"165":{"start":{"line":313,"column":12},"end":{"line":313,"column":82}},"166":{"start":{"line":315,"column":10},"end":{"line":315,"column":65}},"167":{"start":{"line":317,"column":8},"end":{"line":322,"column":9}},"168":{"start":{"line":318,"column":10},"end":{"line":321,"column":13}},"169":{"start":{"line":323,"column":8},"end":{"line":323,"column":53}},"170":{"start":{"line":324,"column":8},"end":{"line":329,"column":9}},"171":{"start":{"line":325,"column":10},"end":{"line":325,"column":45}},"172":{"start":{"line":326,"column":10},"end":{"line":326,"column":34}},"173":{"start":{"line":328,"column":10},"end":{"line":328,"column":28}},"174":{"start":{"line":333,"column":4},"end":{"line":333,"column":70}},"175":{"start":{"line":337,"column":0},"end":{"line":344,"column":2}},"176":{"start":{"line":338,"column":2},"end":{"line":338,"column":62}},"177":{"start":{"line":339,"column":2},"end":{"line":343,"column":3}},"178":{"start":{"line":340,"column":4},"end":{"line":340,"column":37}},"179":{"start":{"line":342,"column":4},"end":{"line":342,"column":14}},"180":{"start":{"line":346,"column":0},"end":{"line":390,"column":2}},"181":{"start":{"line":347,"column":2},"end":{"line":347,"column":62}},"182":{"start":{"line":349,"column":2},"end":{"line":389,"column":3}},"183":{"start":{"line":351,"column":4},"end":{"line":351,"column":56}},"184":{"start":{"line":354,"column":4},"end":{"line":358,"column":5}},"185":{"start":{"line":355,"column":6},"end":{"line":357,"column":7}},"186":{"start":{"line":356,"column":8},"end":{"line":356,"column":31}},"187":{"start":{"line":361,"column":4},"end":{"line":361,"column":39}},"188":{"start":{"line":363,"column":4},"end":{"line":365,"column":5}},"189":{"start":{"line":364,"column":6},"end":{"line":364,"column":32}},"190":{"start":{"line":368,"column":4},"end":{"line":386,"column":5}},"191":{"start":{"line":371,"column":6},"end":{"line":379,"column":7}},"192":{"start":{"line":372,"column":8},"end":{"line":372,"column":43}},"193":{"start":{"line":373,"column":8},"end":{"line":373,"column":79}},"194":{"start":{"line":374,"column":8},"end":{"line":374,"column":40}},"195":{"start":{"line":375,"column":13},"end":{"line":379,"column":7}},"196":{"start":{"line":377,"column":8},"end":{"line":377,"column":86}},"197":{"start":{"line":378,"column":8},"end":{"line":378,"column":69}},"198":{"start":{"line":382,"column":6},"end":{"line":384,"column":7}},"199":{"start":{"line":383,"column":8},"end":{"line":383,"column":20}},"200":{"start":{"line":385,"column":6},"end":{"line":385,"column":62}},"201":{"start":{"line":388,"column":4},"end":{"line":388,"column":22}},"202":{"start":{"line":392,"column":0},"end":{"line":418,"column":2}},"203":{"start":{"line":393,"column":2},"end":{"line":393,"column":35}},"204":{"start":{"line":394,"column":2},"end":{"line":394,"column":62}},"205":{"start":{"line":395,"column":2},"end":{"line":417,"column":3}},"206":{"start":{"line":396,"column":4},"end":{"line":396,"column":23}},"207":{"start":{"line":397,"column":4},"end":{"line":401,"column":7}},"208":{"start":{"line":398,"column":6},"end":{"line":400,"column":7}},"209":{"start":{"line":399,"column":8},"end":{"line":399,"column":26}},"210":{"start":{"line":402,"column":4},"end":{"line":413,"column":5}},"211":{"start":{"line":403,"column":6},"end":{"line":403,"column":35}},"212":{"start":{"line":404,"column":6},"end":{"line":404,"column":84}},"213":{"start":{"line":405,"column":6},"end":{"line":405,"column":86}},"214":{"start":{"line":406,"column":6},"end":{"line":406,"column":43}},"215":{"start":{"line":407,"column":6},"end":{"line":407,"column":41}},"216":{"start":{"line":408,"column":6},"end":{"line":408,"column":40}},"217":{"start":{"line":409,"column":6},"end":{"line":409,"column":41}},"218":{"start":{"line":410,"column":6},"end":{"line":410,"column":30}},"219":{"start":{"line":412,"column":6},"end":{"line":412,"column":89}},"220":{"start":{"line":416,"column":4},"end":{"line":416,"column":22}},"221":{"start":{"line":420,"column":0},"end":{"line":425,"column":2}},"222":{"start":{"line":421,"column":2},"end":{"line":421,"column":42}},"223":{"start":{"line":422,"column":2},"end":{"line":422,"column":36}},"224":{"start":{"line":423,"column":2},"end":{"line":423,"column":37}},"225":{"start":{"line":424,"column":2},"end":{"line":424,"column":36}},"226":{"start":{"line":427,"column":0},"end":{"line":427,"column":22}}},"branchMap":{"1":{"line":98,"type":"if","locations":[{"start":{"line":98,"column":4},"end":{"line":98,"column":4}},{"start":{"line":98,"column":4},"end":{"line":98,"column":4}}]},"2":{"line":101,"type":"if","locations":[{"start":{"line":101,"column":6},"end":{"line":101,"column":6}},{"start":{"line":101,"column":6},"end":{"line":101,"column":6}}]},"3":{"line":125,"type":"if","locations":[{"start":{"line":125,"column":6},"end":{"line":125,"column":6}},{"start":{"line":125,"column":6},"end":{"line":125,"column":6}}]},"4":{"line":154,"type":"if","locations":[{"start":{"line":154,"column":2},"end":{"line":154,"column":2}},{"start":{"line":154,"column":2},"end":{"line":154,"column":2}}]},"5":{"line":162,"type":"if","locations":[{"start":{"line":162,"column":2},"end":{"line":162,"column":2}},{"start":{"line":162,"column":2},"end":{"line":162,"column":2}}]},"6":{"line":175,"type":"if","locations":[{"start":{"line":175,"column":2},"end":{"line":175,"column":2}},{"start":{"line":175,"column":2},"end":{"line":175,"column":2}}]},"7":{"line":192,"type":"if","locations":[{"start":{"line":192,"column":2},"end":{"line":192,"column":2}},{"start":{"line":192,"column":2},"end":{"line":192,"column":2}}]},"8":{"line":210,"type":"if","locations":[{"start":{"line":210,"column":4},"end":{"line":210,"column":4}},{"start":{"line":210,"column":4},"end":{"line":210,"column":4}}]},"9":{"line":216,"type":"if","locations":[{"start":{"line":216,"column":4},"end":{"line":216,"column":4}},{"start":{"line":216,"column":4},"end":{"line":216,"column":4}}]},"10":{"line":263,"type":"binary-expr","locations":[{"start":{"line":263,"column":15},"end":{"line":263,"column":25}},{"start":{"line":263,"column":29},"end":{"line":263,"column":31}}]},"11":{"line":270,"type":"if","locations":[{"start":{"line":270,"column":6},"end":{"line":270,"column":6}},{"start":{"line":270,"column":6},"end":{"line":270,"column":6}}]},"12":{"line":280,"type":"if","locations":[{"start":{"line":280,"column":4},"end":{"line":280,"column":4}},{"start":{"line":280,"column":4},"end":{"line":280,"column":4}}]},"13":{"line":289,"type":"if","locations":[{"start":{"line":289,"column":2},"end":{"line":289,"column":2}},{"start":{"line":289,"column":2},"end":{"line":289,"column":2}}]},"14":{"line":293,"type":"if","locations":[{"start":{"line":293,"column":4},"end":{"line":293,"column":4}},{"start":{"line":293,"column":4},"end":{"line":293,"column":4}}]},"15":{"line":297,"type":"if","locations":[{"start":{"line":297,"column":8},"end":{"line":297,"column":8}},{"start":{"line":297,"column":8},"end":{"line":297,"column":8}}]},"16":{"line":301,"type":"if","locations":[{"start":{"line":301,"column":6},"end":{"line":301,"column":6}},{"start":{"line":301,"column":6},"end":{"line":301,"column":6}}]},"17":{"line":307,"type":"if","locations":[{"start":{"line":307,"column":12},"end":{"line":307,"column":12}},{"start":{"line":307,"column":12},"end":{"line":307,"column":12}}]},"18":{"line":312,"type":"if","locations":[{"start":{"line":312,"column":10},"end":{"line":312,"column":10}},{"start":{"line":312,"column":10},"end":{"line":312,"column":10}}]},"19":{"line":317,"type":"if","locations":[{"start":{"line":317,"column":8},"end":{"line":317,"column":8}},{"start":{"line":317,"column":8},"end":{"line":317,"column":8}}]},"20":{"line":324,"type":"if","locations":[{"start":{"line":324,"column":8},"end":{"line":324,"column":8}},{"start":{"line":324,"column":8},"end":{"line":324,"column":8}}]},"21":{"line":339,"type":"if","locations":[{"start":{"line":339,"column":2},"end":{"line":339,"column":2}},{"start":{"line":339,"column":2},"end":{"line":339,"column":2}}]},"22":{"line":349,"type":"if","locations":[{"start":{"line":349,"column":2},"end":{"line":349,"column":2}},{"start":{"line":349,"column":2},"end":{"line":349,"column":2}}]},"23":{"line":355,"type":"if","locations":[{"start":{"line":355,"column":6},"end":{"line":355,"column":6}},{"start":{"line":355,"column":6},"end":{"line":355,"column":6}}]},"24":{"line":363,"type":"if","locations":[{"start":{"line":363,"column":4},"end":{"line":363,"column":4}},{"start":{"line":363,"column":4},"end":{"line":363,"column":4}}]},"25":{"line":368,"type":"if","locations":[{"start":{"line":368,"column":4},"end":{"line":368,"column":4}},{"start":{"line":368,"column":4},"end":{"line":368,"column":4}}]},"26":{"line":371,"type":"if","locations":[{"start":{"line":371,"column":6},"end":{"line":371,"column":6}},{"start":{"line":371,"column":6},"end":{"line":371,"column":6}}]},"27":{"line":375,"type":"if","locations":[{"start":{"line":375,"column":13},"end":{"line":375,"column":13}},{"start":{"line":375,"column":13},"end":{"line":375,"column":13}}]},"28":{"line":382,"type":"if","locations":[{"start":{"line":382,"column":6},"end":{"line":382,"column":6}},{"start":{"line":382,"column":6},"end":{"line":382,"column":6}}]},"29":{"line":393,"type":"binary-expr","locations":[{"start":{"line":393,"column":15},"end":{"line":393,"column":25}},{"start":{"line":393,"column":29},"end":{"line":393,"column":34}}]},"30":{"line":395,"type":"if","locations":[{"start":{"line":395,"column":2},"end":{"line":395,"column":2}},{"start":{"line":395,"column":2},"end":{"line":395,"column":2}}]},"31":{"line":395,"type":"binary-expr","locations":[{"start":{"line":395,"column":7},"end":{"line":395,"column":32}},{"start":{"line":395,"column":36},"end":{"line":395,"column":46}},{"start":{"line":395,"column":51},"end":{"line":395,"column":94}}]},"32":{"line":398,"type":"if","locations":[{"start":{"line":398,"column":6},"end":{"line":398,"column":6}},{"start":{"line":398,"column":6},"end":{"line":398,"column":6}}]},"33":{"line":402,"type":"if","locations":[{"start":{"line":402,"column":4},"end":{"line":402,"column":4}},{"start":{"line":402,"column":4},"end":{"line":402,"column":4}}]}}},"/Users/andeladeveloper/gryffindor-cfh/config/socket/player.js":{"path":"/Users/andeladeveloper/gryffindor-cfh/config/socket/player.js","s":{"1":1,"2":13,"3":13,"4":13,"5":13,"6":13,"7":13,"8":13,"9":13,"10":1},"b":{},"f":{"1":13},"fnMap":{"1":{"name":"Player","line":1,"loc":{"start":{"line":1,"column":0},"end":{"line":1,"column":24}}}},"statementMap":{"1":{"start":{"line":1,"column":0},"end":{"line":10,"column":1}},"2":{"start":{"line":2,"column":2},"end":{"line":2,"column":23}},"3":{"start":{"line":3,"column":2},"end":{"line":3,"column":17}},"4":{"start":{"line":4,"column":2},"end":{"line":4,"column":18}},"5":{"start":{"line":5,"column":2},"end":{"line":5,"column":23}},"6":{"start":{"line":6,"column":2},"end":{"line":6,"column":19}},"7":{"start":{"line":7,"column":2},"end":{"line":7,"column":21}},"8":{"start":{"line":8,"column":2},"end":{"line":8,"column":21}},"9":{"start":{"line":9,"column":2},"end":{"line":9,"column":20}},"10":{"start":{"line":12,"column":0},"end":{"line":12,"column":24}}},"branchMap":{}}}