TN:
SF:/Users/andeladeveloper/gryffindor-cfh/server.js
FN:27,(anonymous_1)
FN:28,(anonymous_2)
FN:47,(anonymous_3)
FNF:3
FNH:2
FNDA:1,(anonymous_1)
FNDA:3,(anonymous_2)
FNDA:0,(anonymous_3)
DA:4,1
DA:17,1
DA:23,1
DA:26,1
DA:27,1
DA:28,1
DA:29,3
DA:30,3
DA:31,3
DA:32,3
DA:33,3
DA:35,0
DA:36,0
DA:40,1
DA:43,1
DA:45,1
DA:47,1
DA:48,0
DA:52,1
DA:55,1
DA:58,1
DA:59,1
DA:60,1
DA:62,1
DA:63,1
DA:66,1
DA:69,1
LF:27
LH:24
BRDA:17,1,0,1
BRDA:17,1,1,1
BRDA:31,2,0,3
BRDA:31,2,1,0
BRDA:32,3,0,3
BRDA:32,3,1,0
BRDA:35,4,0,0
BRDA:35,4,1,0
BRF:8
BRH:4
end_of_record
TN:
SF:/Users/andeladeveloper/gryffindor-cfh/config/config.js
FNF:0
FNH:0
DA:1,1
DA:5,1
LF:2
LH:2
BRDA:7,1,0,1
BRDA:7,1,1,0
BRF:2
BRH:1
end_of_record
TN:
SF:/Users/andeladeveloper/gryffindor-cfh/config/env/all.js
FNF:0
FNH:0
DA:1,1
DA:3,1
DA:5,1
LF:3
LH:3
BRDA:7,1,0,1
BRDA:7,1,1,1
BRF:2
BRH:2
end_of_record
TN:
SF:/Users/andeladeveloper/gryffindor-cfh/config/middlewares/authorization.js
FN:4,(anonymous_1)
FN:15,(anonymous_2)
FNF:2
FNH:0
FNDA:0,(anonymous_1)
FNDA:0,(anonymous_2)
DA:4,1
DA:5,0
DA:6,0
DA:8,0
DA:14,1
DA:16,0
DA:17,0
DA:19,0
LF:8
LH:2
BRDA:5,1,0,0
BRDA:5,1,1,0
BRDA:16,2,0,0
BRDA:16,2,1,0
BRF:4
BRH:0
end_of_record
TN:
SF:/Users/andeladeveloper/gryffindor-cfh/app/models/answer.js
FN:34,(anonymous_1)
FNF:1
FNH:0
FNDA:0,(anonymous_1)
DA:4,1
DA:11,1
DA:33,1
DA:35,0
DA:41,1
LF:5
LH:4
BRF:0
BRH:0
end_of_record
TN:
SF:/Users/andeladeveloper/gryffindor-cfh/app/models/question.js
FN:38,(anonymous_1)
FNF:1
FNH:0
FNDA:0,(anonymous_1)
DA:4,1
DA:12,1
DA:37,1
DA:39,0
DA:45,1
LF:5
LH:4
BRF:0
BRH:0
end_of_record
TN:
SF:/Users/andeladeveloper/gryffindor-cfh/app/models/user.js
FN:32,(anonymous_1)
FN:35,(anonymous_2)
FN:42,(anonymous_3)
FN:47,(anonymous_4)
FN:53,(anonymous_5)
FN:59,(anonymous_6)
FN:65,(anonymous_7)
FN:75,(anonymous_8)
FN:95,(anonymous_9)
FN:109,(anonymous_10)
FNF:10
FNH:9
FNDA:1,(anonymous_1)
FNDA:1,(anonymous_2)
FNDA:1,(anonymous_3)
FNDA:2,(anonymous_4)
FNDA:1,(anonymous_5)
FNDA:1,(anonymous_6)
FNDA:1,(anonymous_7)
FNDA:1,(anonymous_8)
FNDA:0,(anonymous_9)
FNDA:1,(anonymous_10)
DA:4,1
DA:14,1
DA:32,1
DA:33,1
DA:34,1
DA:36,1
DA:42,1
DA:43,1
DA:47,1
DA:49,2
DA:50,2
DA:53,1
DA:55,1
DA:56,1
DA:59,1
DA:61,1
DA:62,1
DA:65,1
DA:67,1
DA:68,1
DA:75,1
DA:76,1
DA:78,1
DA:79,0
DA:81,1
DA:87,1
DA:96,0
DA:97,0
DA:99,0
DA:110,1
DA:111,1
DA:115,1
LF:32
LH:28
BRDA:43,1,0,1
BRDA:43,1,1,1
BRDA:49,2,0,0
BRDA:49,2,1,2
BRDA:55,3,0,0
BRDA:55,3,1,1
BRDA:61,4,0,0
BRDA:61,4,1,1
BRDA:67,5,0,0
BRDA:67,5,1,1
BRDA:76,6,0,0
BRDA:76,6,1,1
BRDA:78,7,0,0
BRDA:78,7,1,1
BRDA:78,8,0,1
BRDA:78,8,1,0
BRDA:96,9,0,0
BRDA:96,9,1,0
BRDA:96,10,0,0
BRDA:96,10,1,0
BRDA:110,11,0,0
BRDA:110,11,1,1
BRF:22
BRH:10
end_of_record
TN:
SF:/Users/andeladeveloper/gryffindor-cfh/config/passport.js
FN:11,(anonymous_1)
FN:13,(anonymous_2)
FN:17,(anonymous_3)
FN:20,(anonymous_4)
FN:33,(anonymous_5)
FN:36,(anonymous_6)
FN:63,(anonymous_7)
FN:66,(anonymous_8)
FN:77,(anonymous_9)
FN:94,(anonymous_10)
FN:97,(anonymous_11)
FN:110,(anonymous_12)
FN:129,(anonymous_13)
FN:132,(anonymous_14)
FN:144,(anonymous_15)
FN:161,(anonymous_16)
FN:164,(anonymous_17)
FN:176,(anonymous_18)
FNF:18
FNH:1
FNDA:1,(anonymous_1)
FNDA:0,(anonymous_2)
FNDA:0,(anonymous_3)
FNDA:0,(anonymous_4)
FNDA:0,(anonymous_5)
FNDA:0,(anonymous_6)
FNDA:0,(anonymous_7)
FNDA:0,(anonymous_8)
FNDA:0,(anonymous_9)
FNDA:0,(anonymous_10)
FNDA:0,(anonymous_11)
FNDA:0,(anonymous_12)
FNDA:0,(anonymous_13)
FNDA:0,(anonymous_14)
FNDA:0,(anonymous_15)
FNDA:0,(anonymous_16)
FNDA:0,(anonymous_17)
FNDA:0,(anonymous_18)
DA:1,1
DA:11,1
DA:13,1
DA:14,0
DA:17,1
DA:18,0
DA:21,0
DA:22,0
DA:23,0
DA:24,0
DA:29,1
DA:34,0
DA:37,0
DA:38,0
DA:40,0
DA:41,0
DA:45,0
DA:46,0
DA:50,0
DA:51,0
DA:52,0
DA:58,1
DA:64,0
DA:67,0
DA:68,0
DA:70,0
DA:71,0
DA:77,0
DA:78,0
DA:79,0
DA:82,0
DA:89,1
DA:95,0
DA:98,0
DA:99,0
DA:101,0
DA:102,0
DA:103,0
DA:110,0
DA:111,0
DA:112,0
DA:113,0
DA:116,0
DA:117,0
DA:124,1
DA:130,0
DA:133,0
DA:134,0
DA:136,0
DA:137,0
DA:144,0
DA:145,0
DA:146,0
DA:149,0
DA:156,1
DA:162,0
DA:165,0
DA:166,0
DA:168,0
DA:169,0
DA:176,0
DA:177,0
DA:178,0
DA:181,0
LF:64
LH:9
BRDA:37,1,0,0
BRDA:37,1,1,0
BRDA:40,2,0,0
BRDA:40,2,1,0
BRDA:45,3,0,0
BRDA:45,3,1,0
BRDA:59,4,0,1
BRDA:59,4,1,1
BRDA:60,5,0,1
BRDA:60,5,1,1
BRDA:67,6,0,0
BRDA:67,6,1,0
BRDA:70,7,0,0
BRDA:70,7,1,0
BRDA:78,8,0,0
BRDA:78,8,1,0
BRDA:90,9,0,1
BRDA:90,9,1,1
BRDA:91,10,0,1
BRDA:91,10,1,1
BRDA:98,11,0,0
BRDA:98,11,1,0
BRDA:101,12,0,0
BRDA:101,12,1,0
BRDA:105,13,0,0
BRDA:105,13,1,0
BRDA:105,13,2,0
BRDA:111,14,0,0
BRDA:111,14,1,0
BRDA:125,15,0,1
BRDA:125,15,1,1
BRDA:126,16,0,1
BRDA:126,16,1,1
BRDA:133,17,0,0
BRDA:133,17,1,0
BRDA:136,18,0,0
BRDA:136,18,1,0
BRDA:145,19,0,0
BRDA:145,19,1,0
BRDA:157,20,0,1
BRDA:157,20,1,1
BRDA:158,21,0,1
BRDA:158,21,1,1
BRDA:165,22,0,0
BRDA:165,22,1,0
BRDA:168,23,0,0
BRDA:168,23,1,0
BRDA:177,24,0,0
BRDA:177,24,1,0
BRF:49
BRH:16
end_of_record
TN:
SF:/Users/andeladeveloper/gryffindor-cfh/config/express.js
FN:10,(anonymous_1)
FN:15,(anonymous_2)
FN:37,(anonymous_3)
FN:69,(anonymous_4)
FN:83,(anonymous_5)
FNF:5
FNH:2
FNDA:1,(anonymous_1)
FNDA:0,(anonymous_2)
FNDA:1,(anonymous_3)
FNDA:0,(anonymous_4)
FNDA:0,(anonymous_5)
DA:4,1
DA:10,1
DA:11,1
DA:14,1
DA:16,0
DA:22,1
DA:23,1
DA:26,1
DA:27,1
DA:31,1
DA:32,1
DA:35,1
DA:37,1
DA:39,1
DA:42,1
DA:43,1
DA:46,1
DA:56,1
DA:59,1
DA:62,1
DA:63,1
DA:66,1
DA:69,1
DA:71,0
DA:74,0
DA:77,0
DA:83,1
DA:84,0
LF:28
LH:23
BRDA:26,1,0,1
BRDA:26,1,1,0
BRDA:71,2,0,0
BRDA:71,2,1,0
BRF:4
BRH:1
end_of_record
TN:
SF:/Users/andeladeveloper/gryffindor-cfh/config/routes.js
FN:3,(anonymous_1)
FNF:1
FNH:1
FNDA:1,(anonymous_1)
DA:1,1
DA:3,1
DA:5,1
DA:6,1
DA:7,1
DA:8,1
DA:9,1
DA:12,1
DA:13,1
DA:16,1
DA:18,1
DA:23,1
DA:24,1
DA:27,1
DA:32,1
DA:37,1
DA:41,1
DA:46,1
DA:50,1
DA:55,1
DA:63,1
DA:68,1
DA:71,1
DA:72,1
DA:73,1
DA:75,1
DA:78,1
DA:79,1
DA:80,1
DA:82,1
DA:85,1
DA:86,1
DA:89,1
DA:90,1
DA:91,1
LF:35
LH:35
BRF:0
BRH:0
end_of_record
TN:
SF:/Users/andeladeveloper/gryffindor-cfh/app/controllers/users.js
FN:11,(anonymous_1)
FN:18,(anonymous_2)
FN:29,(anonymous_3)
FN:40,(anonymous_4)
FN:48,(anonymous_5)
FN:57,(anonymous_6)
FN:62,(anonymous_7)
FN:79,(anonymous_8)
FN:83,(anonymous_9)
FN:89,(anonymous_10)
FN:96,(anonymous_11)
FN:113,(anonymous_12)
FN:120,(anonymous_13)
FN:128,(anonymous_14)
FN:135,(anonymous_15)
FN:158,(anonymous_16)
FN:170,(anonymous_17)
FN:177,(anonymous_18)
FN:182,(anonymous_19)
FNF:19
FNH:0
FNDA:0,(anonymous_1)
FNDA:0,(anonymous_2)
FNDA:0,(anonymous_3)
FNDA:0,(anonymous_4)
FNDA:0,(anonymous_5)
FNDA:0,(anonymous_6)
FNDA:0,(anonymous_7)
FNDA:0,(anonymous_8)
FNDA:0,(anonymous_9)
FNDA:0,(anonymous_10)
FNDA:0,(anonymous_11)
FNDA:0,(anonymous_12)
FNDA:0,(anonymous_13)
FNDA:0,(anonymous_14)
FNDA:0,(anonymous_15)
FNDA:0,(anonymous_16)
FNDA:0,(anonymous_17)
FNDA:0,(anonymous_18)
FNDA:0,(anonymous_19)
DA:4,1
DA:6,1
DA:11,1
DA:12,0
DA:18,1
DA:19,0
DA:20,0
DA:22,0
DA:29,1
DA:30,0
DA:31,0
DA:33,0
DA:40,1
DA:41,0
DA:42,0
DA:48,1
DA:49,0
DA:57,1
DA:58,0
DA:59,0
DA:63,0
DA:64,0
DA:66,0
DA:71,0
DA:79,1
DA:80,0
DA:81,0
DA:84,0
DA:85,0
DA:87,0
DA:88,0
DA:89,0
DA:90,0
DA:91,0
DA:96,0
DA:97,0
DA:98,0
DA:102,0
DA:106,0
DA:113,1
DA:115,0
DA:117,0
DA:121,0
DA:122,0
DA:125,0
DA:128,1
DA:129,0
DA:131,0
DA:132,0
DA:137,0
DA:138,0
DA:139,0
DA:140,0
DA:143,0
DA:144,0
DA:145,0
DA:146,0
DA:147,0
DA:152,0
DA:158,1
DA:159,0
DA:161,0
DA:170,1
DA:171,0
DA:177,1
DA:178,0
DA:183,0
DA:184,0
DA:185,0
DA:186,0
LF:70
LH:14
BRDA:19,1,0,0
BRDA:19,1,1,0
BRDA:30,2,0,0
BRDA:30,2,1,0
BRDA:58,3,0,0
BRDA:58,3,1,0
BRDA:58,4,0,0
BRDA:58,4,1,0
BRDA:63,5,0,0
BRDA:63,5,1,0
BRDA:80,6,0,0
BRDA:80,6,1,0
BRDA:80,7,0,0
BRDA:80,7,1,0
BRDA:80,7,2,0
BRDA:84,8,0,0
BRDA:84,8,1,0
BRDA:90,9,0,0
BRDA:90,9,1,0
BRDA:97,10,0,0
BRDA:97,10,1,0
BRDA:115,11,0,0
BRDA:115,11,1,0
BRDA:115,12,0,0
BRDA:115,12,1,0
BRDA:115,12,2,0
BRDA:115,12,3,0
BRDA:115,12,4,0
BRDA:129,13,0,0
BRDA:129,13,1,0
BRDA:129,14,0,0
BRDA:129,14,1,0
BRDA:129,14,2,0
BRDA:131,15,0,0
BRDA:131,15,1,0
BRDA:131,16,0,0
BRDA:131,16,1,0
BRDA:131,16,2,0
BRDA:139,17,0,0
BRDA:139,17,1,0
BRDA:143,18,0,0
BRDA:143,18,1,0
BRDA:171,19,0,0
BRDA:171,19,1,0
BRDA:183,20,0,0
BRDA:183,20,1,0
BRDA:184,21,0,0
BRDA:184,21,1,0
BRF:48
BRH:0
end_of_record
TN:
SF:/Users/andeladeveloper/gryffindor-cfh/app/controllers/avatars.js
FN:21,(anonymous_1)
FN:27,(anonymous_2)
FNF:2
FNH:1
FNDA:0,(anonymous_1)
FNDA:2,(anonymous_2)
DA:4,1
DA:21,1
DA:24,0
DA:27,1
DA:28,2
LF:5
LH:4
BRF:0
BRH:0
end_of_record
TN:
SF:/Users/andeladeveloper/gryffindor-cfh/app/controllers/answers.js
FN:13,(anonymous_1)
FN:14,(anonymous_2)
FN:25,(anonymous_3)
FN:32,(anonymous_4)
FN:33,(anonymous_5)
FN:47,(anonymous_6)
FN:48,(anonymous_7)
FNF:7
FNH:1
FNDA:0,(anonymous_1)
FNDA:0,(anonymous_2)
FNDA:0,(anonymous_3)
FNDA:0,(anonymous_4)
FNDA:0,(anonymous_5)
FNDA:3,(anonymous_6)
FNDA:0,(anonymous_7)
DA:4,1
DA:13,1
DA:14,0
DA:15,0
DA:16,0
DA:17,0
DA:18,0
DA:25,1
DA:26,0
DA:32,1
DA:33,0
DA:34,0
DA:35,0
DA:39,0
DA:47,1
DA:48,3
DA:49,0
DA:50,0
DA:52,0
LF:19
LH:6
BRDA:15,1,0,0
BRDA:15,1,1,0
BRDA:16,2,0,0
BRDA:16,2,1,0
BRDA:34,3,0,0
BRDA:34,3,1,0
BRDA:49,4,0,0
BRDA:49,4,1,0
BRF:8
BRH:0
end_of_record
TN:
SF:/Users/andeladeveloper/gryffindor-cfh/app/controllers/questions.js
FN:13,(anonymous_1)
FN:14,(anonymous_2)
FN:25,(anonymous_3)
FN:32,(anonymous_4)
FN:33,(anonymous_5)
FN:47,(anonymous_6)
FN:48,(anonymous_7)
FNF:7
FNH:1
FNDA:0,(anonymous_1)
FNDA:0,(anonymous_2)
FNDA:0,(anonymous_3)
FNDA:0,(anonymous_4)
FNDA:0,(anonymous_5)
FNDA:3,(anonymous_6)
FNDA:0,(anonymous_7)
DA:4,1
DA:13,1
DA:14,0
DA:15,0
DA:16,0
DA:17,0
DA:18,0
DA:25,1
DA:26,0
DA:32,1
DA:33,0
DA:34,0
DA:35,0
DA:39,0
DA:47,1
DA:48,3
DA:49,0
DA:50,0
DA:52,0
LF:19
LH:6
BRDA:15,1,0,0
BRDA:15,1,1,0
BRDA:16,2,0,0
BRDA:16,2,1,0
BRDA:34,3,0,0
BRDA:34,3,1,0
BRDA:49,4,0,0
BRDA:49,4,1,0
BRF:8
BRH:0
end_of_record
TN:
SF:/Users/andeladeveloper/gryffindor-cfh/app/controllers/index.js
FN:11,(anonymous_1)
FN:19,(anonymous_2)
FNF:2
FNH:0
FNDA:0,(anonymous_1)
FNDA:0,(anonymous_2)
DA:4,1
DA:11,1
DA:12,0
DA:13,0
DA:15,0
DA:19,1
DA:20,0
LF:7
LH:3
BRDA:12,1,0,0
BRDA:12,1,1,0
BRDA:21,2,0,0
BRDA:21,2,1,0
BRF:4
BRH:0
end_of_record
TN:
SF:/Users/andeladeveloper/gryffindor-cfh/config/socket/socket.js
FN:11,(anonymous_1)
FN:19,(anonymous_2)
FN:23,(anonymous_3)
FN:32,(anonymous_4)
FN:40,(anonymous_5)
FN:46,(anonymous_6)
FN:51,(anonymous_7)
FN:57,(anonymous_8)
FN:68,(anonymous_9)
FN:72,(anonymous_10)
FN:78,(anonymous_11)
FN:85,(anonymous_12)
FN:109,(anonymous_13)
FN:152,(anonymous_14)
FN:186,(anonymous_15)
FN:211,(anonymous_16)
FNF:16
FNH:11
FNDA:1,(anonymous_1)
FNDA:13,(anonymous_2)
FNDA:0,(anonymous_3)
FNDA:0,(anonymous_4)
FNDA:13,(anonymous_5)
FNDA:0,(anonymous_6)
FNDA:2,(anonymous_7)
FNDA:1,(anonymous_8)
FNDA:0,(anonymous_9)
FNDA:13,(anonymous_10)
FNDA:13,(anonymous_11)
FNDA:0,(anonymous_12)
FNDA:13,(anonymous_13)
FNDA:7,(anonymous_14)
FNDA:1,(anonymous_15)
FNDA:13,(anonymous_16)
DA:1,1
DA:2,1
DA:3,1
DA:4,1
DA:5,1
DA:7,1
DA:9,1
DA:11,1
DA:13,1
DA:14,1
DA:15,1
DA:16,1
DA:17,1
DA:19,1
DA:20,13
DA:21,13
DA:23,13
DA:24,0
DA:25,0
DA:26,0
DA:28,0
DA:32,13
DA:33,0
DA:34,0
DA:36,0
DA:40,13
DA:41,13
DA:42,13
DA:46,13
DA:47,0
DA:48,0
DA:51,13
DA:52,2
DA:53,2
DA:54,2
DA:55,2
DA:57,2
DA:58,1
DA:59,1
DA:62,2
DA:63,2
DA:68,13
DA:69,0
DA:72,13
DA:73,13
DA:74,13
DA:78,1
DA:79,13
DA:80,13
DA:81,13
DA:82,13
DA:83,0
DA:86,0
DA:87,0
DA:88,0
DA:90,0
DA:92,0
DA:93,0
DA:95,0
DA:96,0
DA:97,0
DA:99,0
DA:103,13
DA:104,13
DA:105,13
DA:109,1
DA:110,13
DA:111,13
DA:112,13
DA:113,13
DA:114,5
DA:115,5
DA:121,5
DA:124,5
DA:125,5
DA:126,5
DA:127,5
DA:128,5
DA:129,5
DA:130,5
DA:131,5
DA:132,5
DA:133,5
DA:134,1
DA:135,1
DA:142,8
DA:143,8
DA:144,1
DA:146,7
DA:152,1
DA:153,7
DA:154,7
DA:155,1
DA:156,1
DA:157,1
DA:158,1
DA:159,1
DA:160,1
DA:161,1
DA:162,1
DA:163,1
DA:164,1
DA:165,1
DA:166,1
DA:167,1
DA:169,6
DA:170,6
DA:171,6
DA:172,6
DA:173,6
DA:174,6
DA:175,6
DA:176,6
DA:177,6
DA:178,6
DA:179,6
DA:180,0
DA:181,0
DA:186,1
DA:187,1
DA:188,1
DA:190,1
DA:191,1
DA:192,1
DA:193,6
DA:195,1
DA:196,1
DA:199,1
DA:200,1
DA:201,1
DA:202,1
DA:203,1
DA:204,1
DA:205,1
DA:206,1
DA:207,1
DA:208,1
DA:211,1
DA:212,13
DA:213,13
DA:214,9
DA:215,9
DA:216,9
DA:217,9
DA:219,7
DA:221,2
DA:222,2
DA:223,6
DA:225,2
DA:226,2
DA:229,13
LF:151
LH:128
BRDA:25,1,0,0
BRDA:25,1,1,0
BRDA:33,2,0,0
BRDA:33,2,1,0
BRDA:41,3,0,13
BRDA:41,3,1,0
BRDA:52,4,0,2
BRDA:52,4,1,0
BRDA:55,5,0,2
BRDA:55,5,1,0
BRDA:58,6,0,1
BRDA:58,6,1,0
BRDA:80,7,0,13
BRDA:80,7,1,0
BRDA:81,8,0,13
BRDA:81,8,1,0
BRDA:82,9,0,0
BRDA:82,9,1,13
BRDA:86,10,0,0
BRDA:86,10,1,0
BRDA:90,11,0,0
BRDA:90,11,1,0
BRDA:96,12,0,0
BRDA:96,12,1,0
BRDA:97,13,0,0
BRDA:97,13,1,0
BRDA:110,14,0,13
BRDA:110,14,1,8
BRDA:111,15,0,13
BRDA:111,15,1,12
BRDA:113,16,0,5
BRDA:113,16,1,8
BRDA:113,17,0,13
BRDA:113,17,1,5
BRDA:121,18,0,5
BRDA:121,18,1,0
BRDA:121,19,0,5
BRDA:121,19,1,5
BRDA:121,19,2,5
BRDA:133,20,0,1
BRDA:133,20,1,4
BRDA:143,21,0,1
BRDA:143,21,1,7
BRDA:154,22,0,1
BRDA:154,22,1,6
BRDA:179,23,0,0
BRDA:179,23,1,6
BRDA:195,24,0,1
BRDA:195,24,1,0
BRDA:195,25,0,1
BRDA:195,25,1,1
BRDA:213,26,0,9
BRDA:213,26,1,4
BRDA:217,27,0,7
BRDA:217,27,1,2
BRDA:217,28,0,9
BRDA:217,28,1,5
BRF:57
BRH:35
end_of_record
TN:
SF:/Users/andeladeveloper/gryffindor-cfh/config/socket/game.js
FN:20,Game
FN:54,(anonymous_2)
FN:56,(anonymous_3)
FN:83,(anonymous_4)
FN:89,(anonymous_5)
FN:90,(anonymous_6)
FN:95,(anonymous_7)
FN:97,(anonymous_8)
FN:108,(anonymous_9)
FN:124,(anonymous_10)
FN:135,(anonymous_11)
FN:142,(anonymous_12)
FN:146,(anonymous_13)
FN:155,(anonymous_14)
FN:169,(anonymous_15)
FN:174,(anonymous_16)
FN:188,(anonymous_17)
FN:197,(anonymous_18)
FN:204,(anonymous_19)
FN:215,(anonymous_20)
FN:224,(anonymous_21)
FN:230,(anonymous_22)
FN:235,(anonymous_23)
FN:236,(anonymous_24)
FN:241,(anonymous_25)
FN:242,(anonymous_26)
FN:247,(anonymous_27)
FN:262,(anonymous_28)
FN:264,(anonymous_29)
FN:277,(anonymous_30)
FN:279,(anonymous_31)
FN:287,(anonymous_32)
FN:296,(anonymous_33)
FN:337,(anonymous_34)
FN:346,(anonymous_35)
FN:392,(anonymous_36)
FN:397,(anonymous_37)
FN:420,(anonymous_38)
FNF:38
FNH:17
FNDA:2,Game
FNDA:22,(anonymous_2)
FNDA:51,(anonymous_3)
FNDA:20,(anonymous_4)
FNDA:17,(anonymous_5)
FNDA:33,(anonymous_6)
FNDA:13,(anonymous_7)
FNDA:32,(anonymous_8)
FNDA:3,(anonymous_9)
FNDA:0,(anonymous_10)
FNDA:0,(anonymous_11)
FNDA:22,(anonymous_12)
FNDA:0,(anonymous_13)
FNDA:0,(anonymous_14)
FNDA:0,(anonymous_15)
FNDA:0,(anonymous_16)
FNDA:0,(anonymous_17)
FNDA:0,(anonymous_18)
FNDA:0,(anonymous_19)
FNDA:0,(anonymous_20)
FNDA:0,(anonymous_21)
FNDA:2,(anonymous_22)
FNDA:3,(anonymous_23)
FNDA:0,(anonymous_24)
FNDA:3,(anonymous_25)
FNDA:0,(anonymous_26)
FNDA:0,(anonymous_27)
FNDA:0,(anonymous_28)
FNDA:0,(anonymous_29)
FNDA:7,(anonymous_30)
FNDA:20,(anonymous_31)
FNDA:0,(anonymous_32)
FNDA:0,(anonymous_33)
FNDA:0,(anonymous_34)
FNDA:7,(anonymous_35)
FNDA:0,(anonymous_36)
FNDA:0,(anonymous_37)
FNDA:2,(anonymous_38)
DA:1,1
DA:2,1
DA:3,1
DA:4,1
DA:5,1
DA:20,1
DA:21,2
DA:22,2
DA:23,2
DA:24,2
DA:25,2
DA:26,2
DA:27,2
DA:28,2
DA:29,2
DA:30,2
DA:31,2
DA:32,2
DA:33,2
DA:34,2
DA:35,2
DA:36,2
DA:37,2
DA:45,2
DA:49,2
DA:50,2
DA:51,2
DA:54,1
DA:55,22
DA:56,22
DA:57,51
DA:67,22
DA:83,1
DA:84,20
DA:89,1
DA:90,17
DA:91,33
DA:95,1
DA:96,13
DA:97,13
DA:98,32
DA:99,13
DA:100,13
DA:101,13
DA:102,0
DA:108,1
DA:109,3
DA:111,3
DA:119,3
DA:120,3
DA:125,0
DA:126,0
DA:128,0
DA:129,0
DA:131,0
DA:135,1
DA:136,0
DA:137,0
DA:138,0
DA:139,0
DA:142,1
DA:143,22
DA:146,1
DA:147,0
DA:149,0
DA:150,0
DA:151,0
DA:152,0
DA:153,0
DA:154,0
DA:155,0
DA:156,0
DA:159,0
DA:160,0
DA:162,0
DA:163,0
DA:165,0
DA:167,0
DA:169,0
DA:170,0
DA:174,1
DA:175,0
DA:176,0
DA:177,0
DA:178,0
DA:179,0
DA:180,0
DA:181,0
DA:184,0
DA:188,1
DA:189,0
DA:192,0
DA:194,0
DA:196,0
DA:197,0
DA:199,0
DA:204,1
DA:205,0
DA:206,0
DA:208,0
DA:209,0
DA:210,0
DA:211,0
DA:214,0
DA:215,0
DA:216,0
DA:217,0
DA:219,0
DA:224,1
DA:225,0
DA:226,0
DA:227,0
DA:230,1
DA:231,2
DA:232,2
DA:235,1
DA:236,3
DA:237,0
DA:241,1
DA:242,3
DA:243,0
DA:247,1
DA:248,0
DA:249,0
DA:250,0
DA:252,0
DA:253,0
DA:254,0
DA:255,0
DA:256,0
DA:259,0
DA:262,1
DA:263,0
DA:264,0
DA:265,0
DA:267,0
DA:268,0
DA:269,0
DA:270,0
DA:271,0
DA:277,1
DA:278,7
DA:279,7
DA:280,20
DA:281,7
DA:284,7
DA:287,1
DA:289,0
DA:291,0
DA:292,0
DA:293,0
DA:295,0
DA:296,0
DA:297,0
DA:298,0
DA:301,0
DA:303,0
DA:304,0
DA:305,0
DA:306,0
DA:307,0
DA:308,0
DA:311,0
DA:312,0
DA:313,0
DA:315,0
DA:317,0
DA:318,0
DA:323,0
DA:324,0
DA:325,0
DA:326,0
DA:328,0
DA:333,0
DA:337,1
DA:338,0
DA:339,0
DA:340,0
DA:342,0
DA:346,1
DA:347,7
DA:349,7
DA:351,7
DA:354,7
DA:355,0
DA:356,0
DA:361,7
DA:363,7
DA:364,4
DA:368,7
DA:371,0
DA:372,0
DA:373,0
DA:374,0
DA:375,0
DA:377,0
DA:378,0
DA:382,7
DA:383,0
DA:385,7
DA:388,7
DA:392,1
DA:393,0
DA:394,0
DA:395,0
DA:396,0
DA:397,0
DA:398,0
DA:399,0
DA:402,0
DA:403,0
DA:404,0
DA:405,0
DA:406,0
DA:407,0
DA:408,0
DA:409,0
DA:410,0
DA:412,0
DA:416,0
DA:420,1
DA:421,2
DA:422,2
DA:423,2
DA:424,2
DA:427,1
LF:226
LH:93
BRDA:98,1,0,13
BRDA:98,1,1,19
BRDA:101,2,0,0
BRDA:101,2,1,13
BRDA:125,3,0,0
BRDA:125,3,1,0
BRDA:154,4,0,0
BRDA:154,4,1,0
BRDA:162,5,0,0
BRDA:162,5,1,0
BRDA:175,6,0,0
BRDA:175,6,1,0
BRDA:192,7,0,0
BRDA:192,7,1,0
BRDA:210,8,0,0
BRDA:210,8,1,0
BRDA:216,9,0,0
BRDA:216,9,1,0
BRDA:263,10,0,0
BRDA:263,10,1,0
BRDA:270,11,0,0
BRDA:270,11,1,0
BRDA:280,12,0,7
BRDA:280,12,1,13
BRDA:289,13,0,0
BRDA:289,13,1,0
BRDA:293,14,0,0
BRDA:293,14,1,0
BRDA:297,15,0,0
BRDA:297,15,1,0
BRDA:301,16,0,0
BRDA:301,16,1,0
BRDA:307,17,0,0
BRDA:307,17,1,0
BRDA:312,18,0,0
BRDA:312,18,1,0
BRDA:317,19,0,0
BRDA:317,19,1,0
BRDA:324,20,0,0
BRDA:324,20,1,0
BRDA:339,21,0,0
BRDA:339,21,1,0
BRDA:349,22,0,7
BRDA:349,22,1,0
BRDA:355,23,0,0
BRDA:355,23,1,0
BRDA:363,24,0,4
BRDA:363,24,1,3
BRDA:368,25,0,0
BRDA:368,25,1,7
BRDA:371,26,0,0
BRDA:371,26,1,0
BRDA:375,27,0,0
BRDA:375,27,1,0
BRDA:382,28,0,0
BRDA:382,28,1,7
BRDA:393,29,0,0
BRDA:393,29,1,0
BRDA:395,30,0,0
BRDA:395,30,1,0
BRDA:395,31,0,0
BRDA:395,31,1,0
BRDA:395,31,2,0
BRDA:398,32,0,0
BRDA:398,32,1,0
BRDA:402,33,0,0
BRDA:402,33,1,0
BRF:67
BRH:10
end_of_record
TN:
SF:/Users/andeladeveloper/gryffindor-cfh/config/socket/player.js
FN:1,Player
FNF:1
FNH:1
FNDA:13,Player
DA:1,1
DA:2,13
DA:3,13
DA:4,13
DA:5,13
DA:6,13
DA:7,13
DA:8,13
DA:9,13
DA:12,1
LF:10
LH:10
BRF:0
BRH:0
end_of_record
